This is pdfTeX, Version 3.141592653-2.6-1.40.28 (MiKTeX 25.12) (preloaded format=pdflatex 2026.3.25)  15 APR 2026 04:06
entering extended mode
 restricted \write18 enabled.
 %&-line parsing enabled.
**./proporsjonsgrammatikk.tex
(proporsjonsgrammatikk.tex
LaTeX2e <2025-11-01>
L3 programming layer <2025-12-24>
(C:\Users\Shadow\AppData\Local\Programs\MiKTeX\tex/latex/base\article.cls
Document Class: article 2025/01/22 v1.4n Standard LaTeX document class
(C:\Users\Shadow\AppData\Local\Programs\MiKTeX\tex/latex/base\size10.clo
File: size10.clo 2025/01/22 v1.4n Standard LaTeX file (size option)
)
\c@part=\count275
\c@section=\count276
\c@subsection=\count277
\c@subsubsection=\count278
\c@paragraph=\count279
\c@subparagraph=\count280
\c@figure=\count281
\c@table=\count282
\abovecaptionskip=\skip49
\belowcaptionskip=\skip50
\bibindent=\dimen148
)
(C:\Users\Shadow\AppData\Local\Programs\MiKTeX\tex/latex/base\inputenc.sty
Package: inputenc 2024/02/08 v1.3d Input encoding file
\inpenc@prehook=\toks17
\inpenc@posthook=\toks18
)
(C:\Users\Shadow\AppData\Local\Programs\MiKTeX\tex/latex/base\fontenc.sty
Package: fontenc 2025/07/18 v2.1d Standard LaTeX package
)
(C:\Users\Shadow\AppData\Local\Programs\MiKTeX\tex/generic/babel\babel.sty
Package: babel 2025/12/11 v25.17 The multilingual framework for LuaLaTeX, pdfLa
TeX and XeLaTeX
\babel@savecnt=\count283
LaTeX Encoding Info:    Redeclaring text command \ij (encoding OT1) on input li
ne 2068.
LaTeX Encoding Info:    Redeclaring text command \IJ (encoding OT1) on input li
ne 2070.
LaTeX Encoding Info:    Redeclaring text command \ij (encoding T1) on input lin
e 2072.
LaTeX Encoding Info:    Redeclaring text command \IJ (encoding T1) on input lin
e 2073.
LaTeX Encoding Info:    Ignoring declaration for text command \ij (encoding ?) 
on input line 2074.
LaTeX Encoding Info:    Ignoring declaration for text command \IJ (encoding ?) 
on input line 2076.
LaTeX Encoding Info:    Ignoring declaration for text command \SS (encoding ?) 
on input line 2101.
\U@D=\dimen149
\l@unhyphenated=\language79

(C:\Users\Shadow\AppData\Local\Programs\MiKTeX\tex/generic/babel\txtbabel.def)
\bbl@readstream=\read2
\bbl@dirlevel=\count284
Package babel Info: Configuration files are deprecated, as
(babel)             they can break document portability.
(babel)             Reported on input line 4196.

*************************************
* Local config file bblopts.cfg used
*
(C:\Users\Shadow\AppData\Local\Programs\MiKTeX\tex/latex/arabi\bblopts.cfg
File: bblopts.cfg 2005/09/08 v0.1 add Arabic and Farsi to "declared" options of
 babel
)
(C:\Users\Shadow\AppData\Local\Programs\MiKTeX\tex/generic/babel/locale/en\babe
l-english.tex)
Package babel Info: Importing font and identification data for english
(babel)             from babel-en.ini. Reported on input line 4320.

(C:\Users\Shadow\AppData\Local\Programs\MiKTeX\tex/latex/babel-english\english.
ldf
Language: english 2017/06/06 v3.3r English support from the babel system
Package babel Info: Hyphen rules for 'canadian' set to \l@english
(babel)             (\language0). Reported on input line 102.
Package babel Info: Hyphen rules for 'australian' set to \l@ukenglish
(babel)             (\language73). Reported on input line 105.
Package babel Info: Hyphen rules for 'newzealand' set to \l@ukenglish
(babel)             (\language73). Reported on input line 108.
))
(C:\Users\Shadow\AppData\Local\Programs\MiKTeX\tex/latex/amsmath\amsmath.sty
Package: amsmath 2025/07/09 v2.17z AMS math features
\@mathmargin=\skip51

For additional information on amsmath, use the `?' option.
(C:\Users\Shadow\AppData\Local\Programs\MiKTeX\tex/latex/amsmath\amstext.sty
Package: amstext 2024/11/17 v2.01 AMS text

(C:\Users\Shadow\AppData\Local\Programs\MiKTeX\tex/latex/amsmath\amsgen.sty
File: amsgen.sty 1999/11/30 v2.0 generic functions
\@emptytoks=\toks19
\ex@=\dimen150
))
(C:\Users\Shadow\AppData\Local\Programs\MiKTeX\tex/latex/amsmath\amsbsy.sty
Package: amsbsy 1999/11/29 v1.2d Bold Symbols
\pmbraise@=\dimen151
)
(C:\Users\Shadow\AppData\Local\Programs\MiKTeX\tex/latex/amsmath\amsopn.sty
Package: amsopn 2022/04/08 v2.04 operator names
)
\inf@bad=\count285
LaTeX Info: Redefining \frac on input line 233.
\uproot@=\count286
\leftroot@=\count287
LaTeX Info: Redefining \overline on input line 398.
LaTeX Info: Redefining \colon on input line 409.
\classnum@=\count288
\DOTSCASE@=\count289
LaTeX Info: Redefining \ldots on input line 495.
LaTeX Info: Redefining \dots on input line 498.
LaTeX Info: Redefining \cdots on input line 619.
\Mathstrutbox@=\box53
\strutbox@=\box54
LaTeX Info: Redefining \big on input line 721.
LaTeX Info: Redefining \Big on input line 722.
LaTeX Info: Redefining \bigg on input line 723.
LaTeX Info: Redefining \Bigg on input line 724.
\big@size=\dimen152
LaTeX Font Info:    Redeclaring font encoding OML on input line 742.
LaTeX Font Info:    Redeclaring font encoding OMS on input line 743.
\macc@depth=\count290
LaTeX Info: Redefining \bmod on input line 904.
LaTeX Info: Redefining \pmod on input line 909.
LaTeX Info: Redefining \smash on input line 939.
LaTeX Info: Redefining \relbar on input line 969.
LaTeX Info: Redefining \Relbar on input line 970.
\c@MaxMatrixCols=\count291
\dotsspace@=\muskip17
\c@parentequation=\count292
\dspbrk@lvl=\count293
\tag@help=\toks20
\row@=\count294
\column@=\count295
\maxfields@=\count296
\andhelp@=\toks21
\eqnshift@=\dimen153
\alignsep@=\dimen154
\tagshift@=\dimen155
\tagwidth@=\dimen156
\totwidth@=\dimen157
\lineht@=\dimen158
\@envbody=\toks22
\multlinegap=\skip52
\multlinetaggap=\skip53
\mathdisplay@stack=\toks23
LaTeX Info: Redefining \[ on input line 2950.
LaTeX Info: Redefining \] on input line 2951.
)
(C:\Users\Shadow\AppData\Local\Programs\MiKTeX\tex/latex/amsfonts\amssymb.sty
Package: amssymb 2013/01/14 v3.01 AMS font symbols

(C:\Users\Shadow\AppData\Local\Programs\MiKTeX\tex/latex/amsfonts\amsfonts.sty
Package: amsfonts 2013/01/14 v3.01 Basic AMSFonts support
\symAMSa=\mathgroup4
\symAMSb=\mathgroup5
LaTeX Font Info:    Redeclaring math symbol \hbar on input line 98.
LaTeX Font Info:    Overwriting math alphabet `\mathfrak' in version `bold'
(Font)                  U/euf/m/n --> U/euf/b/n on input line 106.
))
(C:\Users\Shadow\AppData\Local\Programs\MiKTeX\tex/latex/geometry\geometry.sty
Package: geometry 2026/03/07 v6.0 Page Geometry

(C:\Users\Shadow\AppData\Local\Programs\MiKTeX\tex/latex/graphics\keyval.sty
Package: keyval 2022/05/29 v1.15 key=value parser (DPC)
\KV@toks@=\toks24
)
(C:\Users\Shadow\AppData\Local\Programs\MiKTeX\tex/generic/iftex\ifvtex.sty
Package: ifvtex 2019/10/25 v1.7 ifvtex legacy package. Use iftex instead.

(C:\Users\Shadow\AppData\Local\Programs\MiKTeX\tex/generic/iftex\iftex.sty
Package: iftex 2024/12/12 v1.0g TeX engine tests
))
\Gm@cnth=\count297
\Gm@cntv=\count298
\c@Gm@tempcnt=\count299
\Gm@bindingoffset=\dimen159
\Gm@wd@mp=\dimen160
\Gm@odd@mp=\dimen161
\Gm@even@mp=\dimen162
\Gm@layoutwidth=\dimen163
\Gm@layoutheight=\dimen164
\Gm@layouthoffset=\dimen165
\Gm@layoutvoffset=\dimen166
\Gm@dimlist=\toks25

(C:\Users\Shadow\AppData\Local\Programs\MiKTeX\tex/latex/geometry\geometry.cfg)
)
(C:\Users\Shadow\AppData\Local\Programs\MiKTeX\tex/latex/graphics\graphicx.sty
Package: graphicx 2024/12/31 v1.2e Enhanced LaTeX Graphics (DPC,SPQR)

(C:\Users\Shadow\AppData\Local\Programs\MiKTeX\tex/latex/graphics\graphics.sty
Package: graphics 2024/08/06 v1.4g Standard LaTeX Graphics (DPC,SPQR)

(C:\Users\Shadow\AppData\Local\Programs\MiKTeX\tex/latex/graphics\trig.sty
Package: trig 2023/12/02 v1.11 sin cos tan (DPC)
)
(C:\Users\Shadow\AppData\Local\Programs\MiKTeX\tex/latex/graphics-cfg\graphics.
cfg
File: graphics.cfg 2016/06/04 v1.11 sample graphics configuration
)
Package graphics Info: Driver file: pdftex.def on input line 106.

(C:\Users\Shadow\AppData\Local\Programs\MiKTeX\tex/latex/graphics-def\pdftex.de
f
File: pdftex.def 2025/09/29 v1.2d Graphics/color driver for pdftex
))
\Gin@req@height=\dimen167
\Gin@req@width=\dimen168
)
(C:\Users\Shadow\AppData\Local\Programs\MiKTeX\tex/latex/booktabs\booktabs.sty
Package: booktabs 2020/01/12 v1.61803398 Publication quality tables
\heavyrulewidth=\dimen169
\lightrulewidth=\dimen170
\cmidrulewidth=\dimen171
\belowrulesep=\dimen172
\belowbottomsep=\dimen173
\aboverulesep=\dimen174
\abovetopsep=\dimen175
\cmidrulesep=\dimen176
\cmidrulekern=\dimen177
\defaultaddspace=\dimen178
\@cmidla=\count300
\@cmidlb=\count301
\@aboverulesep=\dimen179
\@belowrulesep=\dimen180
\@thisruleclass=\count302
\@lastruleclass=\count303
\@thisrulewidth=\dimen181
) (C:\Users\Shadow\AppData\Local\Programs\MiKTeX\tex/latex/xcolor\xcolor.sty
Package: xcolor 2024/09/29 v3.02 LaTeX color extensions (UK)

(C:\Users\Shadow\AppData\Local\Programs\MiKTeX\tex/latex/graphics-cfg\color.cfg
File: color.cfg 2016/01/02 v1.6 sample color configuration
)
Package xcolor Info: Driver file: pdftex.def on input line 274.

(C:\Users\Shadow\AppData\Local\Programs\MiKTeX\tex/latex/graphics\mathcolor.ltx
)
Package xcolor Info: Model `cmy' substituted by `cmy0' on input line 1349.
Package xcolor Info: Model `hsb' substituted by `rgb' on input line 1353.
Package xcolor Info: Model `RGB' extended on input line 1365.
Package xcolor Info: Model `HTML' substituted by `rgb' on input line 1367.
Package xcolor Info: Model `Hsb' substituted by `hsb' on input line 1368.
Package xcolor Info: Model `tHsb' substituted by `hsb' on input line 1369.
Package xcolor Info: Model `HSB' substituted by `hsb' on input line 1370.
Package xcolor Info: Model `Gray' substituted by `gray' on input line 1371.
Package xcolor Info: Model `wave' substituted by `hsb' on input line 1372.
) (C:\Users\Shadow\AppData\Local\Programs\MiKTeX\tex/latex/caption\caption.sty
Package: caption 2023/08/05 v3.6o Customizing captions (AR)
(C:\Users\Shadow\AppData\Local\Programs\MiKTeX\tex/latex/caption\caption3.sty
Package: caption3 2023/07/31 v2.4d caption3 kernel (AR)
\caption@tempdima=\dimen182
\captionmargin=\dimen183
\caption@leftmargin=\dimen184
\caption@rightmargin=\dimen185
\caption@width=\dimen186
\caption@indent=\dimen187
\caption@parindent=\dimen188
\caption@hangindent=\dimen189
Package caption Info: Standard document class detected.
)
\c@caption@flags=\count304
\c@continuedfloat=\count305
) (C:\Users\Shadow\AppData\Local\Programs\MiKTeX\tex/latex/natbib\natbib.sty
Package: natbib 2010/09/13 8.31b (PWD, AO)
\bibhang=\skip54
\bibsep=\skip55
LaTeX Info: Redefining \cite on input line 694.
\c@NAT@ctr=\count306
)
(C:\Users\Shadow\AppData\Local\Programs\MiKTeX\tex/latex/hyperref\hyperref.sty
Package: hyperref 2025-07-12 v7.01o Hypertext links for LaTeX

(C:\Users\Shadow\AppData\Local\Programs\MiKTeX\tex/latex/kvsetkeys\kvsetkeys.st
y
Package: kvsetkeys 2022-10-05 v1.19 Key value parser (HO)
)
(C:\Users\Shadow\AppData\Local\Programs\MiKTeX\tex/generic/kvdefinekeys\kvdefin
ekeys.sty
Package: kvdefinekeys 2019-12-19 v1.6 Define keys (HO)
)
(C:\Users\Shadow\AppData\Local\Programs\MiKTeX\tex/generic/pdfescape\pdfescape.
sty
Package: pdfescape 2019/12/09 v1.15 Implements pdfTeX's escape features (HO)

(C:\Users\Shadow\AppData\Local\Programs\MiKTeX\tex/generic/ltxcmds\ltxcmds.sty
Package: ltxcmds 2023-12-04 v1.26 LaTeX kernel commands for general use (HO)
)
(C:\Users\Shadow\AppData\Local\Programs\MiKTeX\tex/generic/pdftexcmds\pdftexcmd
s.sty
Package: pdftexcmds 2020-06-27 v0.33 Utility functions of pdfTeX for LuaTeX (HO
)

(C:\Users\Shadow\AppData\Local\Programs\MiKTeX\tex/generic/infwarerr\infwarerr.
sty
Package: infwarerr 2019/12/03 v1.5 Providing info/warning/error messages (HO)
)
Package pdftexcmds Info: \pdf@primitive is available.
Package pdftexcmds Info: \pdf@ifprimitive is available.
Package pdftexcmds Info: \pdfdraftmode found.
))
(C:\Users\Shadow\AppData\Local\Programs\MiKTeX\tex/latex/hycolor\hycolor.sty
Package: hycolor 2020-01-27 v1.10 Color options for hyperref/bookmark (HO)
)
(C:\Users\Shadow\AppData\Local\Programs\MiKTeX\tex/latex/hyperref\nameref.sty
Package: nameref 2025-06-21 v2.57 Cross-referencing by name of section

(C:\Users\Shadow\AppData\Local\Programs\MiKTeX\tex/latex/refcount\refcount.sty
Package: refcount 2019/12/15 v3.6 Data extraction from label references (HO)
)
(C:\Users\Shadow\AppData\Local\Programs\MiKTeX\tex/generic/gettitlestring\getti
tlestring.sty
Package: gettitlestring 2019/12/15 v1.6 Cleanup title references (HO)

(C:\Users\Shadow\AppData\Local\Programs\MiKTeX\tex/latex/kvoptions\kvoptions.st
y
Package: kvoptions 2022-06-15 v3.15 Key value format for package options (HO)
))
\c@section@level=\count307
)
(C:\Users\Shadow\AppData\Local\Programs\MiKTeX\tex/latex/etoolbox\etoolbox.sty
Package: etoolbox 2025/10/02 v2.5m e-TeX tools for LaTeX (JAW)
\etb@tempcnta=\count308
)
(C:\Users\Shadow\AppData\Local\Programs\MiKTeX\tex/generic/stringenc\stringenc.
sty
Package: stringenc 2019/11/29 v1.12 Convert strings between diff. encodings (HO
)
)
\@linkdim=\dimen190
\Hy@linkcounter=\count309
\Hy@pagecounter=\count310

(C:\Users\Shadow\AppData\Local\Programs\MiKTeX\tex/latex/hyperref\pd1enc.def
File: pd1enc.def 2025-07-12 v7.01o Hyperref: PDFDocEncoding definition (HO)
Now handling font encoding PD1 ...
... no UTF-8 mapping file for font encoding PD1
)
(C:\Users\Shadow\AppData\Local\Programs\MiKTeX\tex/generic/intcalc\intcalc.sty
Package: intcalc 2019/12/15 v1.3 Expandable calculations with integers (HO)
)
\Hy@SavedSpaceFactor=\count311
(C:\Users\Shadow\AppData\Local\Programs\MiKTeX\tex/latex/hyperref\puenc.def
File: puenc.def 2025-07-12 v7.01o Hyperref: PDF Unicode definition (HO)
Now handling font encoding PU ...
... no UTF-8 mapping file for font encoding PU
)
Package hyperref Info: Hyper figures OFF on input line 4195.
Package hyperref Info: Link nesting OFF on input line 4200.
Package hyperref Info: Hyper index ON on input line 4203.
Package hyperref Info: Plain pages OFF on input line 4210.
Package hyperref Info: Backreferencing OFF on input line 4215.
Package hyperref Info: Implicit mode ON; LaTeX internals redefined.
Package hyperref Info: Bookmarks ON on input line 4462.
\c@Hy@tempcnt=\count312

(C:\Users\Shadow\AppData\Local\Programs\MiKTeX\tex/latex/url\url.sty
\Urlmuskip=\muskip18
Package: url 2013/09/16  ver 3.4  Verb mode for urls, etc.
)
LaTeX Info: Redefining \url on input line 4801.
\XeTeXLinkMargin=\dimen191

(C:\Users\Shadow\AppData\Local\Programs\MiKTeX\tex/generic/bitset\bitset.sty
Package: bitset 2019/12/09 v1.3 Handle bit-vector datatype (HO)

(C:\Users\Shadow\AppData\Local\Programs\MiKTeX\tex/generic/bigintcalc\bigintcal
c.sty
Package: bigintcalc 2019/12/15 v1.5 Expandable calculations on big integers (HO
)
))
\Fld@menulength=\count313
\Field@Width=\dimen192
\Fld@charsize=\dimen193
Package hyperref Info: Hyper figures OFF on input line 6078.
Package hyperref Info: Link nesting OFF on input line 6083.
Package hyperref Info: Hyper index ON on input line 6086.
Package hyperref Info: backreferencing OFF on input line 6093.
Package hyperref Info: Link coloring OFF on input line 6098.
Package hyperref Info: Link coloring with OCG OFF on input line 6103.
Package hyperref Info: PDF/A mode OFF on input line 6108.
\Hy@abspage=\count314
\c@Item=\count315
\c@Hfootnote=\count316
)
Package hyperref Info: Driver (autodetected): hpdftex.

(C:\Users\Shadow\AppData\Local\Programs\MiKTeX\tex/latex/hyperref\hpdftex.def
File: hpdftex.def 2025-07-12 v7.01o Hyperref driver for pdfTeX
\Fld@listcount=\count317
\c@bookmark@seq@number=\count318

(C:\Users\Shadow\AppData\Local\Programs\MiKTeX\tex/latex/rerunfilecheck\rerunfi
lecheck.sty
Package: rerunfilecheck 2025-06-21 v1.11 Rerun checks for auxiliary files (HO)

(C:\Users\Shadow\AppData\Local\Programs\MiKTeX\tex/generic/uniquecounter\unique
counter.sty
Package: uniquecounter 2019/12/15 v1.4 Provide unlimited unique counter (HO)
)
Package uniquecounter Info: New unique counter `rerunfilecheck' on input line 2
84.
)
\Hy@SectionHShift=\skip56
)
(C:\Users\Shadow\AppData\Local\Programs\MiKTeX\tex/latex/titlesec\titlesec.sty
Package: titlesec 2025/01/04 v2.17 Sectioning titles
\ttl@box=\box55
\beforetitleunit=\skip57
\aftertitleunit=\skip58
\ttl@plus=\dimen194
\ttl@minus=\dimen195
\ttl@toksa=\toks26
\titlewidth=\dimen196
\titlewidthlast=\dimen197
\titlewidthfirst=\dimen198
) (C:\Users\Shadow\AppData\Local\Programs\MiKTeX\tex/latex/fancyhdr\fancyhdr.st
y
Package: fancyhdr 2025/02/07 v5.2 Extensive control of page headers and footers

\f@nch@headwidth=\skip59
\f@nch@offset@elh=\skip60
\f@nch@offset@erh=\skip61
\f@nch@offset@olh=\skip62
\f@nch@offset@orh=\skip63
\f@nch@offset@elf=\skip64
\f@nch@offset@erf=\skip65
\f@nch@offset@olf=\skip66
\f@nch@offset@orf=\skip67
\f@nch@height=\skip68
\f@nch@footalignment=\skip69
\f@nch@widthL=\skip70
\f@nch@widthC=\skip71
\f@nch@widthR=\skip72
\@temptokenb=\toks27
)
(C:\Users\Shadow\AppData\Local\Programs\MiKTeX\tex/latex/lastpage\lastpage.sty
Package: lastpage 2025/08/14 v2.1h lastpage: 2.09 or 2e? (HMM)

(C:\Users\Shadow\AppData\Local\Programs\MiKTeX\tex/latex/lastpage\lastpage2e.st
y
Package: lastpage2e 2025/08/14 v2.1h Decide which 2e lastpage version to use (H
MM)

(C:\Users\Shadow\AppData\Local\Programs\MiKTeX\tex/latex/lastpage\lastpagemoder
n.sty
Package: lastpagemodern 2025-08-14 v2.1h Refers to last page's name (HMM; JPG)
\c@lastpagecount=\count319
) 
))
(C:\Users\Shadow\AppData\Local\Programs\MiKTeX\tex/latex/tcolorbox\tcolorbox.st
y
Package: tcolorbox 2025/11/28 version 6.9.0 text color boxes

(C:\Users\Shadow\AppData\Local\Programs\MiKTeX\tex/latex/pgf/frontendlayer\tikz
.sty
(C:\Users\Shadow\AppData\Local\Programs\MiKTeX\tex/latex/pgf/basiclayer\pgf.sty

(C:\Users\Shadow\AppData\Local\Programs\MiKTeX\tex/latex/pgf/utilities\pgfrcs.s
ty
(C:\Users\Shadow\AppData\Local\Programs\MiKTeX\tex/generic/pgf/utilities\pgfuti
l-common.tex
\pgfutil@everybye=\toks28
\pgfutil@tempdima=\dimen199
\pgfutil@tempdimb=\dimen256
)
(C:\Users\Shadow\AppData\Local\Programs\MiKTeX\tex/generic/pgf/utilities\pgfuti
l-latex.def
\pgfutil@abb=\box56
)
(C:\Users\Shadow\AppData\Local\Programs\MiKTeX\tex/generic/pgf/utilities\pgfrcs
.code.tex
(C:\Users\Shadow\AppData\Local\Programs\MiKTeX\tex/generic/pgf\pgf.revision.tex
)
Package: pgfrcs 2025-08-29 v3.1.11a (3.1.11a)
))
Package: pgf 2025-08-29 v3.1.11a (3.1.11a)

(C:\Users\Shadow\AppData\Local\Programs\MiKTeX\tex/latex/pgf/basiclayer\pgfcore
.sty
(C:\Users\Shadow\AppData\Local\Programs\MiKTeX\tex/latex/pgf/systemlayer\pgfsys
.sty
(C:\Users\Shadow\AppData\Local\Programs\MiKTeX\tex/generic/pgf/systemlayer\pgfs
ys.code.tex
Package: pgfsys 2025-08-29 v3.1.11a (3.1.11a)

(C:\Users\Shadow\AppData\Local\Programs\MiKTeX\tex/generic/pgf/utilities\pgfkey
s.code.tex
\pgfkeys@pathtoks=\toks29
\pgfkeys@temptoks=\toks30

(C:\Users\Shadow\AppData\Local\Programs\MiKTeX\tex/generic/pgf/utilities\pgfkey
slibraryfiltered.code.tex
\pgfkeys@tmptoks=\toks31
))
\pgf@x=\dimen257
\pgf@y=\dimen258
\pgf@xa=\dimen259
\pgf@ya=\dimen260
\pgf@xb=\dimen261
\pgf@yb=\dimen262
\pgf@xc=\dimen263
\pgf@yc=\dimen264
\pgf@xd=\dimen265
\pgf@yd=\dimen266
\w@pgf@writea=\write3
\r@pgf@reada=\read3
\c@pgf@counta=\count320
\c@pgf@countb=\count321
\c@pgf@countc=\count322
\c@pgf@countd=\count323
\t@pgf@toka=\toks32
\t@pgf@tokb=\toks33
\t@pgf@tokc=\toks34
\pgf@sys@id@count=\count324

(C:\Users\Shadow\AppData\Local\Programs\MiKTeX\tex/generic/pgf/systemlayer\pgf.
cfg
File: pgf.cfg 2025-08-29 v3.1.11a (3.1.11a)
)
Driver file for pgf: pgfsys-pdftex.def

(C:\Users\Shadow\AppData\Local\Programs\MiKTeX\tex/generic/pgf/systemlayer\pgfs
ys-pdftex.def
File: pgfsys-pdftex.def 2025-08-29 v3.1.11a (3.1.11a)

(C:\Users\Shadow\AppData\Local\Programs\MiKTeX\tex/generic/pgf/systemlayer\pgfs
ys-common-pdf.def
File: pgfsys-common-pdf.def 2025-08-29 v3.1.11a (3.1.11a)
)))
(C:\Users\Shadow\AppData\Local\Programs\MiKTeX\tex/generic/pgf/systemlayer\pgfs
yssoftpath.code.tex
File: pgfsyssoftpath.code.tex 2025-08-29 v3.1.11a (3.1.11a)
\pgfsyssoftpath@smallbuffer@items=\count325
\pgfsyssoftpath@bigbuffer@items=\count326
)
(C:\Users\Shadow\AppData\Local\Programs\MiKTeX\tex/generic/pgf/systemlayer\pgfs
ysprotocol.code.tex
File: pgfsysprotocol.code.tex 2025-08-29 v3.1.11a (3.1.11a)
))
(C:\Users\Shadow\AppData\Local\Programs\MiKTeX\tex/generic/pgf/basiclayer\pgfco
re.code.tex
Package: pgfcore 2025-08-29 v3.1.11a (3.1.11a)

(C:\Users\Shadow\AppData\Local\Programs\MiKTeX\tex/generic/pgf/math\pgfmath.cod
e.tex
(C:\Users\Shadow\AppData\Local\Programs\MiKTeX\tex/generic/pgf/math\pgfmathutil
.code.tex)
(C:\Users\Shadow\AppData\Local\Programs\MiKTeX\tex/generic/pgf/math\pgfmathpars
er.code.tex
\pgfmath@dimen=\dimen267
\pgfmath@count=\count327
\pgfmath@box=\box57
\pgfmath@toks=\toks35
\pgfmath@stack@operand=\toks36
\pgfmath@stack@operation=\toks37
)
(C:\Users\Shadow\AppData\Local\Programs\MiKTeX\tex/generic/pgf/math\pgfmathfunc
tions.code.tex)
(C:\Users\Shadow\AppData\Local\Programs\MiKTeX\tex/generic/pgf/math\pgfmathfunc
tions.basic.code.tex)
(C:\Users\Shadow\AppData\Local\Programs\MiKTeX\tex/generic/pgf/math\pgfmathfunc
tions.trigonometric.code.tex)
(C:\Users\Shadow\AppData\Local\Programs\MiKTeX\tex/generic/pgf/math\pgfmathfunc
tions.random.code.tex)
(C:\Users\Shadow\AppData\Local\Programs\MiKTeX\tex/generic/pgf/math\pgfmathfunc
tions.comparison.code.tex)
(C:\Users\Shadow\AppData\Local\Programs\MiKTeX\tex/generic/pgf/math\pgfmathfunc
tions.base.code.tex)
(C:\Users\Shadow\AppData\Local\Programs\MiKTeX\tex/generic/pgf/math\pgfmathfunc
tions.round.code.tex)
(C:\Users\Shadow\AppData\Local\Programs\MiKTeX\tex/generic/pgf/math\pgfmathfunc
tions.misc.code.tex)
(C:\Users\Shadow\AppData\Local\Programs\MiKTeX\tex/generic/pgf/math\pgfmathfunc
tions.integerarithmetics.code.tex)
(C:\Users\Shadow\AppData\Local\Programs\MiKTeX\tex/generic/pgf/math\pgfmathcalc
.code.tex)
(C:\Users\Shadow\AppData\Local\Programs\MiKTeX\tex/generic/pgf/math\pgfmathfloa
t.code.tex
\c@pgfmathroundto@lastzeros=\count328
))
(C:\Users\Shadow\AppData\Local\Programs\MiKTeX\tex/generic/pgf/math\pgfint.code
.tex)
(C:\Users\Shadow\AppData\Local\Programs\MiKTeX\tex/generic/pgf/basiclayer\pgfco
repoints.code.tex
File: pgfcorepoints.code.tex 2025-08-29 v3.1.11a (3.1.11a)
\pgf@picminx=\dimen268
\pgf@picmaxx=\dimen269
\pgf@picminy=\dimen270
\pgf@picmaxy=\dimen271
\pgf@pathminx=\dimen272
\pgf@pathmaxx=\dimen273
\pgf@pathminy=\dimen274
\pgf@pathmaxy=\dimen275
\pgf@xx=\dimen276
\pgf@xy=\dimen277
\pgf@yx=\dimen278
\pgf@yy=\dimen279
\pgf@zx=\dimen280
\pgf@zy=\dimen281
)
(C:\Users\Shadow\AppData\Local\Programs\MiKTeX\tex/generic/pgf/basiclayer\pgfco
repathconstruct.code.tex
File: pgfcorepathconstruct.code.tex 2025-08-29 v3.1.11a (3.1.11a)
\pgf@path@lastx=\dimen282
\pgf@path@lasty=\dimen283
)
(C:\Users\Shadow\AppData\Local\Programs\MiKTeX\tex/generic/pgf/basiclayer\pgfco
repathusage.code.tex
File: pgfcorepathusage.code.tex 2025-08-29 v3.1.11a (3.1.11a)
\pgf@shorten@end@additional=\dimen284
\pgf@shorten@start@additional=\dimen285
)
(C:\Users\Shadow\AppData\Local\Programs\MiKTeX\tex/generic/pgf/basiclayer\pgfco
rescopes.code.tex
File: pgfcorescopes.code.tex 2025-08-29 v3.1.11a (3.1.11a)
\pgfpic=\box58
\pgf@hbox=\box59
\pgf@layerbox@main=\box60
\pgf@picture@serial@count=\count329
)
(C:\Users\Shadow\AppData\Local\Programs\MiKTeX\tex/generic/pgf/basiclayer\pgfco
regraphicstate.code.tex
File: pgfcoregraphicstate.code.tex 2025-08-29 v3.1.11a (3.1.11a)
\pgflinewidth=\dimen286
)
(C:\Users\Shadow\AppData\Local\Programs\MiKTeX\tex/generic/pgf/basiclayer\pgfco
retransformations.code.tex
File: pgfcoretransformations.code.tex 2025-08-29 v3.1.11a (3.1.11a)
\pgf@pt@x=\dimen287
\pgf@pt@y=\dimen288
\pgf@pt@temp=\dimen289
)
(C:\Users\Shadow\AppData\Local\Programs\MiKTeX\tex/generic/pgf/basiclayer\pgfco
requick.code.tex
File: pgfcorequick.code.tex 2025-08-29 v3.1.11a (3.1.11a)
)
(C:\Users\Shadow\AppData\Local\Programs\MiKTeX\tex/generic/pgf/basiclayer\pgfco
reobjects.code.tex
File: pgfcoreobjects.code.tex 2025-08-29 v3.1.11a (3.1.11a)
)
(C:\Users\Shadow\AppData\Local\Programs\MiKTeX\tex/generic/pgf/basiclayer\pgfco
repathprocessing.code.tex
File: pgfcorepathprocessing.code.tex 2025-08-29 v3.1.11a (3.1.11a)
)
(C:\Users\Shadow\AppData\Local\Programs\MiKTeX\tex/generic/pgf/basiclayer\pgfco
rearrows.code.tex
File: pgfcorearrows.code.tex 2025-08-29 v3.1.11a (3.1.11a)
\pgfarrowsep=\dimen290
)
(C:\Users\Shadow\AppData\Local\Programs\MiKTeX\tex/generic/pgf/basiclayer\pgfco
reshade.code.tex
File: pgfcoreshade.code.tex 2025-08-29 v3.1.11a (3.1.11a)
\pgf@max=\dimen291
\pgf@sys@shading@range@num=\count330
\pgf@shadingcount=\count331
)
(C:\Users\Shadow\AppData\Local\Programs\MiKTeX\tex/generic/pgf/basiclayer\pgfco
reimage.code.tex
File: pgfcoreimage.code.tex 2025-08-29 v3.1.11a (3.1.11a)
)
(C:\Users\Shadow\AppData\Local\Programs\MiKTeX\tex/generic/pgf/basiclayer\pgfco
reexternal.code.tex
File: pgfcoreexternal.code.tex 2025-08-29 v3.1.11a (3.1.11a)
\pgfexternal@startupbox=\box61
)
(C:\Users\Shadow\AppData\Local\Programs\MiKTeX\tex/generic/pgf/basiclayer\pgfco
relayers.code.tex
File: pgfcorelayers.code.tex 2025-08-29 v3.1.11a (3.1.11a)
)
(C:\Users\Shadow\AppData\Local\Programs\MiKTeX\tex/generic/pgf/basiclayer\pgfco
retransparency.code.tex
File: pgfcoretransparency.code.tex 2025-08-29 v3.1.11a (3.1.11a)
)
(C:\Users\Shadow\AppData\Local\Programs\MiKTeX\tex/generic/pgf/basiclayer\pgfco
repatterns.code.tex
File: pgfcorepatterns.code.tex 2025-08-29 v3.1.11a (3.1.11a)
)
(C:\Users\Shadow\AppData\Local\Programs\MiKTeX\tex/generic/pgf/basiclayer\pgfco
rerdf.code.tex
File: pgfcorerdf.code.tex 2025-08-29 v3.1.11a (3.1.11a)
)))
(C:\Users\Shadow\AppData\Local\Programs\MiKTeX\tex/generic/pgf/modules\pgfmodul
eshapes.code.tex
File: pgfmoduleshapes.code.tex 2025-08-29 v3.1.11a (3.1.11a)
\pgfnodeparttextbox=\box62
)
(C:\Users\Shadow\AppData\Local\Programs\MiKTeX\tex/generic/pgf/modules\pgfmodul
eplot.code.tex
File: pgfmoduleplot.code.tex 2025-08-29 v3.1.11a (3.1.11a)
)
(C:\Users\Shadow\AppData\Local\Programs\MiKTeX\tex/latex/pgf/compatibility\pgfc
omp-version-0-65.sty
Package: pgfcomp-version-0-65 2025-08-29 v3.1.11a (3.1.11a)
\pgf@nodesepstart=\dimen292
\pgf@nodesepend=\dimen293
)
(C:\Users\Shadow\AppData\Local\Programs\MiKTeX\tex/latex/pgf/compatibility\pgfc
omp-version-1-18.sty
Package: pgfcomp-version-1-18 2025-08-29 v3.1.11a (3.1.11a)
))
(C:\Users\Shadow\AppData\Local\Programs\MiKTeX\tex/latex/pgf/utilities\pgffor.s
ty
(C:\Users\Shadow\AppData\Local\Programs\MiKTeX\tex/latex/pgf/utilities\pgfkeys.
sty
(C:\Users\Shadow\AppData\Local\Programs\MiKTeX\tex/generic/pgf/utilities\pgfkey
s.code.tex))
(C:\Users\Shadow\AppData\Local\Programs\MiKTeX\tex/latex/pgf/math\pgfmath.sty
(C:\Users\Shadow\AppData\Local\Programs\MiKTeX\tex/generic/pgf/math\pgfmath.cod
e.tex))
(C:\Users\Shadow\AppData\Local\Programs\MiKTeX\tex/generic/pgf/utilities\pgffor
.code.tex
Package: pgffor 2025-08-29 v3.1.11a (3.1.11a)
\pgffor@iter=\dimen294
\pgffor@skip=\dimen295
\pgffor@stack=\toks38
\pgffor@toks=\toks39
))
(C:\Users\Shadow\AppData\Local\Programs\MiKTeX\tex/generic/pgf/frontendlayer/ti
kz\tikz.code.tex
Package: tikz 2025-08-29 v3.1.11a (3.1.11a)

(C:\Users\Shadow\AppData\Local\Programs\MiKTeX\tex/generic/pgf/libraries\pgflib
raryplothandlers.code.tex
File: pgflibraryplothandlers.code.tex 2025-08-29 v3.1.11a (3.1.11a)
\pgf@plot@mark@count=\count332
\pgfplotmarksize=\dimen296
)
\tikz@lastx=\dimen297
\tikz@lasty=\dimen298
\tikz@lastxsaved=\dimen299
\tikz@lastysaved=\dimen300
\tikz@lastmovetox=\dimen301
\tikz@lastmovetoy=\dimen302
\tikzleveldistance=\dimen303
\tikzsiblingdistance=\dimen304
\tikz@figbox=\box63
\tikz@figbox@bg=\box64
\tikz@tempbox=\box65
\tikz@tempbox@bg=\box66
\tikztreelevel=\count333
\tikznumberofchildren=\count334
\tikznumberofcurrentchild=\count335
\tikz@fig@count=\count336

(C:\Users\Shadow\AppData\Local\Programs\MiKTeX\tex/generic/pgf/modules\pgfmodul
ematrix.code.tex
File: pgfmodulematrix.code.tex 2025-08-29 v3.1.11a (3.1.11a)
\pgfmatrixcurrentrow=\count337
\pgfmatrixcurrentcolumn=\count338
\pgf@matrix@numberofcolumns=\count339
)
\tikz@expandcount=\count340

(C:\Users\Shadow\AppData\Local\Programs\MiKTeX\tex/generic/pgf/frontendlayer/ti
kz/libraries\tikzlibrarytopaths.code.tex
File: tikzlibrarytopaths.code.tex 2025-08-29 v3.1.11a (3.1.11a)
)))
(C:\Users\Shadow\AppData\Local\Programs\MiKTeX\tex/latex/tools\verbatim.sty
Package: verbatim 2024-01-22 v1.5x LaTeX2e package for verbatim enhancements
\every@verbatim=\toks40
\verbatim@line=\toks41
\verbatim@in@stream=\read4
)
(C:\Users\Shadow\AppData\Local\Programs\MiKTeX\tex/latex/environ\environ.sty
Package: environ 2014/05/04 v0.3 A new way to define environments

(C:\Users\Shadow\AppData\Local\Programs\MiKTeX\tex/latex/trimspaces\trimspaces.
sty
Package: trimspaces 2009/09/17 v1.1 Trim spaces around a token list
))
\tcb@titlebox=\box67
\tcb@upperbox=\box68
\tcb@lowerbox=\box69
\tcb@phantombox=\box70
\c@tcbbreakpart=\count341
\c@tcblayer=\count342
\c@tcolorbox@number=\count343
\l__tcobox_tmpa_box=\box71
\l__tcobox_tmpa_dim=\dimen305
\tcb@temp=\box72
\tcb@temp=\box73
\tcb@temp=\box74
\tcb@temp=\box75

(C:\Users\Shadow\AppData\Local\Programs\MiKTeX\tex/latex/tcolorbox\tcbraster.co
de.tex
Library (tcolorbox): 'tcbraster.code.tex' version '6.9.0'
\c@tcbrastercolumn=\count344
\c@tcbrasterrow=\count345
\c@tcbrasternum=\count346
\c@tcbraster=\count347
)
(C:\Users\Shadow\AppData\Local\Programs\MiKTeX\tex/latex/tcolorbox\tcbskins.cod
e.tex
Library (tcolorbox): 'tcbskins.code.tex' version '6.9.0'

(C:\Users\Shadow\AppData\Local\Programs\MiKTeX\tex/latex/tikzfill\tikzfill.imag
e.sty
Package: tikzfill.image 2026/03/26 v1.1.0 Image filling library for TikZ

(C:\Users\Shadow\AppData\Local\Programs\MiKTeX\tex/latex/tikzfill\tikzlibraryfi
ll.image.code.tex
File: tikzlibraryfill.image.code.tex 2026/03/26 v1.1.0 Image filling library
\l__tikzfill_tmpa_dim=\dimen306
\l__tikzfill_tmpb_dim=\dimen307
\l__tikzfill_img_box=\box76
))
(C:\Users\Shadow\AppData\Local\Programs\MiKTeX\tex/latex/tcolorbox\tcbskinsjigs
aw.code.tex
Library (tcolorbox): 'tcbskinsjigsaw.code.tex' version '6.9.0'
))
(C:\Users\Shadow\AppData\Local\Programs\MiKTeX\tex/latex/tcolorbox\tcbbreakable
.code.tex
Library (tcolorbox): 'tcbbreakable.code.tex' version '6.9.0'
(C:\Users\Shadow\AppData\Local\Programs\MiKTeX\tex/latex/pdfcol\pdfcol.sty
Package: pdfcol 2022-09-21 v1.7 Handle new color stacks for pdfTeX (HO)
)
Package pdfcol Info: New color stack `tcb@breakable' = 1 on input line 23.
\tcb@testbox=\box77
\tcb@totalupperbox=\box78
\tcb@totallowerbox=\box79
)
(C:\Users\Shadow\AppData\Local\Programs\MiKTeX\tex/latex/tcolorbox\tcbhooks.cod
e.tex
Library (tcolorbox): 'tcbhooks.code.tex' version '6.9.0'
)
(C:\Users\Shadow\AppData\Local\Programs\MiKTeX\tex/latex/tcolorbox\tcbtheorems.
code.tex
Library (tcolorbox): 'tcbtheorems.code.tex' version '6.9.0'
)
(C:\Users\Shadow\AppData\Local\Programs\MiKTeX\tex/latex/tcolorbox\tcbfitting.c
ode.tex
Library (tcolorbox): 'tcbfitting.code.tex' version '6.9.0'
\tcbfitdim=\dimen308
\tcb@lowerfitdim=\dimen309
\tcb@upperfitdim=\dimen310
\tcb@cur@hbadness=\count348
)
(C:\Users\Shadow\AppData\Local\Programs\MiKTeX\tex/latex/tcolorbox\tcblistingsu
tf8.code.tex
Library (tcolorbox): 'tcblistingsutf8.code.tex' version '6.9.0'

(C:\Users\Shadow\AppData\Local\Programs\MiKTeX\tex/latex/tcolorbox\tcblistings.
code.tex
Library (tcolorbox): 'tcblistings.code.tex' version '6.9.0'
(C:\Users\Shadow\AppData\Local\Programs\MiKTeX\tex/latex/listings\listings.sty
\lst@mode=\count349
\lst@gtempboxa=\box80
\lst@token=\toks42
\lst@length=\count350
\lst@currlwidth=\dimen311
\lst@column=\count351
\lst@pos=\count352
\lst@lostspace=\dimen312
\lst@width=\dimen313
\lst@newlines=\count353
\lst@lineno=\count354
\lst@maxwidth=\dimen314

(C:\Users\Shadow\AppData\Local\Programs\MiKTeX\tex/latex/listings\lstpatch.sty
File: lstpatch.sty 2025/11/14 1.11b (Carsten Heinz)
) (C:\Users\Shadow\AppData\Local\Programs\MiKTeX\tex/latex/listings\lstmisc.sty
File: lstmisc.sty 2025/11/14 1.11b (Carsten Heinz)
\c@lstnumber=\count355
\lst@skipnumbers=\count356
\lst@framebox=\box81
) (C:\Users\Shadow\AppData\Local\Programs\MiKTeX\tex/latex/listings\listings.cf
g
File: listings.cfg 2025/11/14 1.11b listings configuration
))
Package: listings 2025/11/14 1.11b (Carsten Heinz)

==> First Aid for listings.sty no longer applied!
    Expected:
        2024/09/23 1.10c (Carsten Heinz)
    but found:
        2025/11/14 1.11b (Carsten Heinz)
    so I'm assuming it got fixed.

(C:\Users\Shadow\AppData\Local\Programs\MiKTeX\tex/latex/tcolorbox\tcblistingsc
ore.code.tex
Library (tcolorbox): 'tcblistingscore.code.tex' version '6.9.0'

(C:\Users\Shadow\AppData\Local\Programs\MiKTeX\tex/latex/tcolorbox\tcbprocessin
g.code.tex
Library (tcolorbox): 'tcbprocessing.code.tex' version '6.9.0'
)
\c@tcblisting=\count357
))
(C:\Users\Shadow\AppData\Local\Programs\MiKTeX\tex/latex/listingsutf8\listingsu
tf8.sty
Package: listingsutf8 2019-12-10 v1.5 Allow UTF-8 in listings input (HO)
))
(C:\Users\Shadow\AppData\Local\Programs\MiKTeX\tex/latex/tcolorbox\tcbexternal.
code.tex
Library (tcolorbox): 'tcbexternal.code.tex' version '6.9.0'
)
(C:\Users\Shadow\AppData\Local\Programs\MiKTeX\tex/latex/tcolorbox\tcbmagazine.
code.tex
Library (tcolorbox): 'tcbmagazine.code.tex' version '6.9.0'
)
(C:\Users\Shadow\AppData\Local\Programs\MiKTeX\tex/latex/tcolorbox\tcbvignette.
code.tex
Library (tcolorbox): 'tcbvignette.code.tex' version '6.9.0'

(C:\Users\Shadow\AppData\Local\Programs\MiKTeX\tex/generic/pgf/frontendlayer/ti
kz/libraries\tikzlibraryfadings.code.tex
File: tikzlibraryfadings.code.tex 2025-08-29 v3.1.11a (3.1.11a)

(C:\Users\Shadow\AppData\Local\Programs\MiKTeX\tex/generic/pgf/libraries\pgflib
raryfadings.code.tex
File: pgflibraryfadings.code.tex 2025-08-29 v3.1.11a (3.1.11a)
)))
(C:\Users\Shadow\AppData\Local\Programs\MiKTeX\tex/latex/tcolorbox\tcbposter.co
de.tex
Library (tcolorbox): 'tcbposter.code.tex' version '6.9.0'
))
(C:\Users\Shadow\AppData\Local\Programs\MiKTeX\tex/latex/l3backend\l3backend-pd
ftex.def
File: l3backend-pdftex.def 2025-10-09 L3 backend support: PDF output (pdfTeX)
\l__color_backend_stack_int=\count358
) (proporsjonsgrammatikk.aux)
\openout1 = `proporsjonsgrammatikk.aux'.

LaTeX Font Info:    Checking defaults for OML/cmm/m/it on input line 60.
LaTeX Font Info:    ... okay on input line 60.
LaTeX Font Info:    Checking defaults for OMS/cmsy/m/n on input line 60.
LaTeX Font Info:    ... okay on input line 60.
LaTeX Font Info:    Checking defaults for OT1/cmr/m/n on input line 60.
LaTeX Font Info:    ... okay on input line 60.
LaTeX Font Info:    Checking defaults for T1/cmr/m/n on input line 60.
LaTeX Font Info:    ... okay on input line 60.
LaTeX Font Info:    Checking defaults for TS1/cmr/m/n on input line 60.
LaTeX Font Info:    ... okay on input line 60.
LaTeX Font Info:    Checking defaults for OMX/cmex/m/n on input line 60.
LaTeX Font Info:    ... okay on input line 60.
LaTeX Font Info:    Checking defaults for U/cmr/m/n on input line 60.
LaTeX Font Info:    ... okay on input line 60.
LaTeX Font Info:    Checking defaults for PD1/pdf/m/n on input line 60.
LaTeX Font Info:    ... okay on input line 60.
LaTeX Font Info:    Checking defaults for PU/pdf/m/n on input line 60.
LaTeX Font Info:    ... okay on input line 60.

*geometry* driver: auto-detecting
*geometry* detected driver: pdftex
*geometry* verbose mode - [ preamble ] result:
* driver: pdftex
* paper: a4paper
* layout: <same size as paper>
* layoutoffset:(h,v)=(0.0pt,0.0pt)
* modes: 
* h-part:(L,W,R)=(56.9055pt, 483.69687pt, 56.9055pt)
* v-part:(T,H,B)=(71.13188pt, 702.78308pt, 71.13188pt)
* \paperwidth=597.50787pt
* \paperheight=845.04684pt
* \textwidth=483.69687pt
* \textheight=702.78308pt
* \oddsidemargin=-15.36449pt
* \evensidemargin=-15.36449pt
* \topmargin=-38.1381pt
* \headheight=12.0pt
* \headsep=25.0pt
* \topskip=10.0pt
* \footskip=30.0pt
* \marginparwidth=4.0pt
* \marginparsep=10.0pt
* \columnsep=17.07182pt
* \skip\footins=9.0pt plus 4.0pt minus 2.0pt
* \hoffset=0.0pt
* \voffset=0.0pt
* \mag=1000
* \@twocolumntrue
* \@twosidefalse
* \@mparswitchfalse
* \@reversemarginfalse
* (1in=72.27pt=25.4mm, 1cm=28.453pt)


(C:\Users\Shadow\AppData\Local\Programs\MiKTeX\tex/context/base/mkii\supp-pdf.m
kii
[Loading MPS to PDF converter (version 2006.09.02).]
\scratchcounter=\count359
\scratchdimen=\dimen315
\scratchbox=\box82
\nofMPsegments=\count360
\nofMParguments=\count361
\everyMPshowfont=\toks43
\MPscratchCnt=\count362
\MPscratchDim=\dimen316
\MPnumerator=\count363
\makeMPintoPDFobject=\count364
\everyMPtoPDFconversion=\toks44
)
(C:\Users\Shadow\AppData\Local\Programs\MiKTeX\tex/latex/epstopdf-pkg\epstopdf-
base.sty
Package: epstopdf-base 2020-01-24 v2.11 Base part for package epstopdf
Package epstopdf-base Info: Redefining graphics rule for `.eps' on input line 4
85.

(C:\Users\Shadow\AppData\Local\Programs\MiKTeX\tex/latex/00miktex\epstopdf-sys.
cfg
File: epstopdf-sys.cfg 2021/03/18 v2.0 Configuration of epstopdf for MiKTeX
))
Package caption Info: Begin \AtBeginDocument code.
Package caption Info: hyperref package is loaded.
Package caption Info: listings package is loaded.
Package caption Info: End \AtBeginDocument code.
Package hyperref Info: Link coloring OFF on input line 60.
 (proporsjonsgrammatikk.out) (proporsjonsgrammatikk.out)
\@outlinefile=\write4
\openout4 = `proporsjonsgrammatikk.out'.

\c@lstlisting=\count365
LaTeX Font Info:    Trying to load font information for U+msa on input line 84.


(C:\Users\Shadow\AppData\Local\Programs\MiKTeX\tex/latex/amsfonts\umsa.fd
File: umsa.fd 2013/01/14 v3.01 AMS symbols A
)
LaTeX Font Info:    Trying to load font information for U+msb on input line 84.


(C:\Users\Shadow\AppData\Local\Programs\MiKTeX\tex/latex/amsfonts\umsb.fd
File: umsb.fd 2013/01/14 v3.01 AMS symbols B
)
Underfull \hbox (badness 1325) in paragraph at lines 113--114
\T1/cmr/m/n/10 mulerer ek-splisitt kva likn-ing [] re-duserer til i
 []

[1{C:/Users/Shadow/AppData/Local/MiKTeX/fonts/map/pdftex/pdftex.map}


]
<../figures/formgjevarkompetanse/figur_1-le-corbusier.png, id=208, 784.9325pt x
 757.83125pt>
File: ../figures/formgjevarkompetanse/figur_1-le-corbusier.png Graphic file (ty
pe png)
<use ../figures/formgjevarkompetanse/figur_1-le-corbusier.png>
Package pdftex.def Info: ../figures/formgjevarkompetanse/figur_1-le-corbusier.p
ng  used on input line 153.
(pdftex.def)             Requested size: 163.31804pt x 157.68068pt.

Underfull \hbox (badness 3354) in paragraph at lines 159--161
\T1/cmr/bx/n/9 Blind-flekkar: \T1/cmr/m/n/9 in-dus-triell in-te-grasjon $\OMS/c
msy/m/n/9 ^^A$ \T1/cmr/m/n/9 be-folkn-
 []


Underfull \hbox (badness 1715) in paragraph at lines 163--164
\T1/cmr/m/n/10 nom-snittshřgda i den franske be-folkninga (1,60--
 []


Package hyperref Warning: Token not allowed in a PDF string (Unicode):
(hyperref)                removing `math shift' on input line 165.


Package hyperref Warning: Token not allowed in a PDF string (Unicode):
(hyperref)                removing `\sim' on input line 165.


Package hyperref Warning: Token not allowed in a PDF string (Unicode):
(hyperref)                removing `math shift' on input line 165.

<../figures/formgjevarkompetanse/figur_2b-palladio-derivasjon.png, id=227, 722.
7pt x 945.5325pt>
File: ../figures/formgjevarkompetanse/figur_2b-palladio-derivasjon.png Graphic 
file (type png)
<use ../figures/formgjevarkompetanse/figur_2b-palladio-derivasjon.png>
Package pdftex.def Info: ../figures/formgjevarkompetanse/figur_2b-palladio-deri
vasjon.png  used on input line 176.
(pdftex.def)             Requested size: 233.31252pt x 305.2457pt.

Package hyperref Warning: Token not allowed in a PDF string (Unicode):
(hyperref)                removing `math shift' on input line 181.


Package hyperref Warning: Token not allowed in a PDF string (Unicode):
(hyperref)                removing `\sim' on input line 181.


Package hyperref Warning: Token not allowed in a PDF string (Unicode):
(hyperref)                removing `math shift' on input line 181.


Underfull \hbox (badness 1270) in paragraph at lines 183--184
\T1/cmr/bx/n/10 SG-laget. \T1/cmr/m/n/10 Ein min-i-mal gram-matikk: kon-stant
 []

<../figures/formgjevarkompetanse/fig_vanderlaan.pdf, id=240, 210.48637pt x 145.
2201pt>
File: ../figures/formgjevarkompetanse/fig_vanderlaan.pdf Graphic file (type pdf
)
<use ../figures/formgjevarkompetanse/fig_vanderlaan.pdf>
Package pdftex.def Info: ../figures/formgjevarkompetanse/fig_vanderlaan.pdf  us
ed on input line 192.
(pdftex.def)             Requested size: 198.31705pt x 136.82376pt.

Underfull \hbox (badness 1122) in paragraph at lines 197--197
|[]\T1/cmr/bx/it/10 Ken/tatami-grammatikken (Japan, $\OMS/cmsy/m/n/10 ^^X$\T1/c
mr/bx/it/10 10.
 []


Package hyperref Warning: Token not allowed in a PDF string (Unicode):
(hyperref)                removing `math shift' on input line 197.


Package hyperref Warning: Token not allowed in a PDF string (Unicode):
(hyperref)                removing `\sim' on input line 197.


Package hyperref Warning: Token not allowed in a PDF string (Unicode):
(hyperref)                removing `math shift' on input line 197.


Underfull \hbox (badness 1867) in paragraph at lines 199--200
\T1/cmr/bx/n/10 SG-laget. []\T1/cmr/m/n/10 Knight[] ([]1981[]) gav ein parametr
isk
 []


Underfull \vbox (badness 10000) has occurred while \output is active []

 [2 <../figures/formgjevarkompetanse/figur_1-le-corbusier.png> <../figures/form
gjevarkompetanse/figur_2b-palladio-derivasjon.png>]
<../figures/formgjevarkompetanse/figur_4a-ken-modul-perspektiv.png, id=270, 722
.7pt x 353.32pt>
File: ../figures/formgjevarkompetanse/figur_4a-ken-modul-perspektiv.png Graphic
 file (type png)
<use ../figures/formgjevarkompetanse/figur_4a-ken-modul-perspektiv.png>
Package pdftex.def Info: ../figures/formgjevarkompetanse/figur_4a-ken-modul-per
spektiv.png  used on input line 208.
(pdftex.def)             Requested size: 233.31252pt x 114.06207pt.
<../figures/formgjevarkompetanse/fig2_lightcone.pdf, id=276, 450.79852pt x 302.
6507pt>
File: ../figures/formgjevarkompetanse/fig2_lightcone.pdf Graphic file (type pdf
)
<use ../figures/formgjevarkompetanse/fig2_lightcone.pdf>
Package pdftex.def Info: ../figures/formgjevarkompetanse/fig2_lightcone.pdf  us
ed on input line 220.
(pdftex.def)             Requested size: 233.31252pt x 156.63574pt.

Underfull \hbox (badness 1286) in paragraph at lines 225--226
[]\T1/cmr/m/n/10 Asymmetrien er an-a-lytisk pro-duk-tiv: Mod-u-lor
 []


Underfull \hbox (badness 1521) in paragraph at lines 225--226
\T1/cmr/m/n/10 Ken/tatami grammatikk-material-kollaps der in-te-
 []

<../figures/formgjevarkompetanse/fig3_landscape.pdf, id=278, 405.78833pt x 262.
13936pt>
File: ../figures/formgjevarkompetanse/fig3_landscape.pdf Graphic file (type pdf
)
<use ../figures/formgjevarkompetanse/fig3_landscape.pdf>
Package pdftex.def Info: ../figures/formgjevarkompetanse/fig3_landscape.pdf  us
ed on input line 232.
(pdftex.def)             Requested size: 233.31252pt x 150.72095pt.

Underfull \vbox (badness 10000) has occurred while \output is active []

<../figures/formgjevarkompetanse/figur_4-ck-design-square.png, id=280, 1706.375
pt x 626.34pt>
File: ../figures/formgjevarkompetanse/figur_4-ck-design-square.png Graphic file
 (type png)
<use ../figures/formgjevarkompetanse/figur_4-ck-design-square.png>
Package pdftex.def Info: ../figures/formgjevarkompetanse/figur_4-ck-design-squa
re.png  used on input line 242.
(pdftex.def)             Requested size: 209.97983pt x 77.06898pt.

Underfull \hbox (badness 1460) in paragraph at lines 248--249
\T1/cmr/m/n/10 Skiljet mel-lom kva sys-temet \T1/cmr/m/it/10 er \T1/cmr/m/n/10 
eit rei-d-skap for
 []


Underfull \hbox (badness 2547) in paragraph at lines 253--254
\T1/cmr/m/n/10 Neufert sin \T1/cmr/m/it/10 Bauen-twurf-slehre \T1/cmr/m/n/10 (1
936--) kval-i-fis-erer
 []


Underfull \hbox (badness 3536) in paragraph at lines 253--254
\T1/cmr/m/n/10 som kan-di-dat i $\OML/cmm/m/it/10 C \OMS/cmsy/m/n/10 n \OML/cmm
/m/it/10 K$\T1/cmr/m/n/10 : hřg in-dus-triell in-te-
 []


Underfull \hbox (badness 1163) in paragraph at lines 253--254
\T1/cmr/m/n/10 Form-lćre at svik-tsig-na-turen klyn-g-jer seg pĺ dy-
 []

[3 <../figures/formgjevarkompetanse/fig_vanderlaan.pdf> <../figures/formgjevark
ompetanse/figur_4a-ken-modul-perspektiv.png> <../figures/formgjevarkompetanse/f
ig2_lightcone.pdf> <../figures/formgjevarkompetanse/fig3_landscape.pdf>]
Underfull \hbox (badness 10000) in paragraph at lines 275--276
[]\T1/cmr/m/n/8 Buzzi, F. (2017). `Hu-man, all too hu-man':
 []


Underfull \hbox (badness 10000) in paragraph at lines 275--276
\T1/cmr/m/n/8 A cri-tique on the Mod-u-lor. \T1/cmr/m/it/8 Failed Ar-chi-
 []


Underfull \hbox (badness 10000) in paragraph at lines 275--276
\T1/cmr/m/it/8 tec-ture\T1/cmr/m/n/8 . []$\T1/cmtt/m/n/8 https : / / failedarch
itecture . com /
 []


Underfull \hbox (badness 1365) in paragraph at lines 290--291
\T1/cmr/m/it/8 signkom-petanse, form-rom og se-lek-sjonstrykk \T1/cmr/m/n/8 [Up
-ub-lis-ert
 []


Underfull \hbox (badness 1755) in paragraph at lines 314--315
[]\T1/cmr/m/n/8 Padovan, R. (2002). Dom Hans van der Laan and the
 []


Underfull \hbox (badness 10000) in paragraph at lines 314--315
[]$\T1/cmtt/m/n/8 http : / / www . emis . ams . org / journals / NNJ / conferen
ces /
 []

[4 <../figures/formgjevarkompetanse/figur_4-ck-design-square.png>]

enddocument/afterlastpage (AED): lastpage setting LastPage.
(proporsjonsgrammatikk.aux)
 ***********
LaTeX2e <2025-11-01>
L3 programming layer <2025-12-24>
 ***********
Package rerunfilecheck Info: File `proporsjonsgrammatikk.out' has not changed.
(rerunfilecheck)             Checksum: DAA58ACB9BC3089308BE8B4B93F0E0BF;3954.
 ) 
Here is how much of TeX's memory you used:
 31081 strings out of 467871
 624659 string characters out of 5417892
 1071579 words of memory out of 5000000
 59412 multiletter control sequences out of 15000+600000
 646218 words of font info for 87 fonts, out of 8000000 for 9000
 1141 hyphenation exceptions out of 8191
 98i,12n,108p,1067b,859s stack positions out of 10000i,1000n,20000p,200000b,200000s
 <C:\Users\Shadow\AppData\Local\MiKTeX\fonts/pk/ljfour/jknappen/ec/dpi600\ect
t0800.pk> <C:\Users\Shadow\AppData\Local\MiKTeX\fonts/pk/ljfour/jknappen/ec/dpi
600\ecti0800.pk> <C:\Users\Shadow\AppData\Local\MiKTeX\fonts/pk/ljfour/jknappen
/ec/dpi600\ecrm0800.pk> <C:\Users\Shadow\AppData\Local\MiKTeX\fonts/pk/ljfour/j
knappen/ec/dpi600\eccc0900.pk> <C:\Users\Shadow\AppData\Local\MiKTeX\fonts/pk/l
jfour/jknappen/ec/dpi600\ecbi1000.pk> <C:\Users\Shadow\AppData\Local\MiKTeX\fon
ts/pk/ljfour/jknappen/ec/dpi600\ecti1000.pk> <C:\Users\Shadow\AppData\Local\MiK
TeX\fonts/pk/ljfour/jknappen/ec/dpi600\ecbx0900.pk> <C:\Users\Shadow\AppData\Lo
cal\MiKTeX\fonts/pk/ljfour/jknappen/ec/dpi600\ectt0900.pk> <C:\Users\Shadow\App
Data\Local\MiKTeX\fonts/pk/ljfour/jknappen/ec/dpi600\ecbx1000.pk> <C:\Users\Sha
dow\AppData\Local\MiKTeX\fonts/pk/ljfour/jknappen/ec/dpi600\ecrm1000.pk> <C:\Us
ers\Shadow\AppData\Local\MiKTeX\fonts/pk/ljfour/jknappen/ec/dpi600\ecbx1728.pk>
 <C:\Users\Shadow\AppData\Local\MiKTeX\fonts/pk/ljfour/jknappen/ec/dpi600\ecrm0
900.pk><C:/Users/Shadow/AppData/Local/Programs/MiKTeX/fonts/type1/public/amsfon
ts/cm/cmbx10.pfb><C:/Users/Shadow/AppData/Local/Programs/MiKTeX/fonts/type1/pub
lic/amsfonts/cm/cmbx9.pfb><C:/Users/Shadow/AppData/Local/Programs/MiKTeX/fonts/
type1/public/amsfonts/cm/cmex10.pfb><C:/Users/Shadow/AppData/Local/Programs/MiK
TeX/fonts/type1/public/amsfonts/cm/cmmi10.pfb><C:/Users/Shadow/AppData/Local/Pr
ograms/MiKTeX/fonts/type1/public/amsfonts/cm/cmmi7.pfb><C:/Users/Shadow/AppData
/Local/Programs/MiKTeX/fonts/type1/public/amsfonts/cm/cmmi9.pfb><C:/Users/Shado
w/AppData/Local/Programs/MiKTeX/fonts/type1/public/amsfonts/cm/cmr10.pfb><C:/Us
ers/Shadow/AppData/Local/Programs/MiKTeX/fonts/type1/public/amsfonts/cm/cmr6.pf
b><C:/Users/Shadow/AppData/Local/Programs/MiKTeX/fonts/type1/public/amsfonts/cm
/cmr7.pfb><C:/Users/Shadow/AppData/Local/Programs/MiKTeX/fonts/type1/public/ams
fonts/cm/cmr9.pfb><C:/Users/Shadow/AppData/Local/Programs/MiKTeX/fonts/type1/pu
blic/amsfonts/cm/cmsy10.pfb><C:/Users/Shadow/AppData/Local/Programs/MiKTeX/font
s/type1/public/amsfonts/cm/cmsy9.pfb><C:/Users/Shadow/AppData/Local/Programs/Mi
KTeX/fonts/type1/public/amsfonts/symbols/msbm10.pfb>
Output written on proporsjonsgrammatikk.pdf (4 pages, 1549926 bytes).
PDF statistics:
 1179 PDF objects out of 1200 (max. 8388607)
 58 named destinations out of 1000 (max. 500000)
 352 words of extra memory for PDF output out of 10000 (max. 10000000)

