\BOOKMARK [1][-]{section.1}{\376\377\000I\000n\000n\000l\000e\000i\000i\000n\000g}{}% 1
\BOOKMARK [1][-]{section.2}{\376\377\000T\000e\000o\000r\000e\000t\000i\000s\000k\000\040\000r\000a\000m\000m\000e\000v\000e\000r\000k}{}% 2
\BOOKMARK [2][-]{subsection.2.1}{\376\377\000F\000o\000r\000m\000l\000\346\000r\000e\000s\000\040\000d\000e\000s\000i\000g\000n\000r\000o\000m}{section.2}% 3
\BOOKMARK [2][-]{subsection.2.2}{\376\377\000O\000m\000h\000u\000g\000\040\000o\000g\000\040\000s\000v\000i\000k\000t\000s\000i\000g\000n\000a\000t\000u\000r}{section.2}% 4
\BOOKMARK [2][-]{subsection.2.3}{\376\377\000R\000e\000d\000u\000k\000s\000j\000o\000n\000\040\000o\000g\000\040\000m\000e\000t\000a\000-\000t\000e\000o\000r\000e\000m}{section.2}% 5
\BOOKMARK [1][-]{section.3}{\376\377\000F\000o\000r\000m\000r\000o\000m\000m\000e\000t\000\040\000o\000g\000\040\000d\000e\000t\000s\000\040\000a\000k\000s\000a\000r}{}% 6
\BOOKMARK [1][-]{section.4}{\376\377\000A\000n\000a\000l\000y\000s\000e\000\040\000a\000v\000\040\000d\000e\000i\000\040\000f\000i\000r\000e\000\040\000s\000y\000s\000t\000e\000m\000a}{}% 7
\BOOKMARK [2][-]{subsection.4.1}{\376\377\000M\000o\000d\000u\000l\000o\000r\000\040\000\050\000L\000e\000\040\000C\000o\000r\000b\000u\000s\000i\000e\000r\000,\000\040\0001\0009\0004\0008\000\051}{section.4}% 8
\BOOKMARK [2][-]{subsection.4.2}{\376\377\000D\000e\000n\000\040\000p\000a\000l\000l\000a\000d\000i\000a\000n\000s\000k\000e\000\040\000g\000r\000a\000m\000m\000a\000t\000i\000k\000k\000e\000n\000\040\000\050\000P\000a\000l\000l\000a\000d\000i\000o\000\040\0001\0005\0007\0000\000\051}{section.4}% 9
\BOOKMARK [2][-]{subsection.4.3}{\376\377\000D\000e\000t\000\040\000p\000l\000a\000s\000t\000i\000s\000k\000e\000\040\000t\000a\000l\000e\000t\000\040\000\050\000V\000a\000n\000\040\000d\000e\000r\000\040\000L\000a\000a\000n\000,\000\040\0001\0009\0006\0000\000\051}{section.4}% 10
\BOOKMARK [2][-]{subsection.4.4}{\376\377\000K\000e\000n\000/\000t\000a\000t\000a\000m\000i\000-\000g\000r\000a\000m\000m\000a\000t\000i\000k\000k\000e\000n\000\040\000\050\000J\000a\000p\000a\000n\000,\000\040\0001\0000\000.\000\040\000h\000u\000n\000d\000r\000e\000\345\000r\000e\000t\000\051}{section.4}% 11
\BOOKMARK [1][-]{section.5}{\376\377\000K\000o\000m\000p\000a\000r\000a\000t\000i\000v\000\040\000d\000i\000a\000g\000n\000o\000s\000e}{}% 12
\BOOKMARK [2][-]{subsection.5.1}{\376\377\000K\000o\000g\000n\000i\000t\000i\000v\000\040\000l\000y\000s\000k\000j\000e\000g\000l\000e\000\040\000o\000g\000\040\000s\000v\000i\000k\000t\000s\000i\000g\000n\000a\000t\000u\000r}{section.5}% 13
\BOOKMARK [2][-]{subsection.5.2}{\376\377\000T\000i\000l\000p\000a\000s\000s\000i\000n\000g\000s\000l\000a\000n\000d\000s\000k\000a\000p\000e\000t\000\040\000o\000g\000\040\000d\000e\000t\000\040\000l\000e\000d\000i\000g\000e\000\040\000h\000\370\000g\000p\000l\000a\000t\000\345\000e\000t}{section.5}% 14
\BOOKMARK [2][-]{subsection.5.3}{\376\377\000C\000K\000-\000o\000p\000e\000r\000a\000t\000o\000r\000a\000n\000e\000\040\000F\000o\000r\000m\000l\000\346\000r\000e\000\040\000a\000k\000t\000i\000v\000e\000r\000e\000r}{section.5}% 15
\BOOKMARK [2][-]{subsection.5.4}{\376\377\000K\000l\000a\000s\000s\000e\000b\000a\000s\000e\000r\000t\000\040\000e\000v\000a\000l\000u\000e\000r\000i\000n\000g}{section.5}% 16
\BOOKMARK [1][-]{section.6}{\376\377\000D\000i\000s\000k\000u\000s\000j\000o\000n}{}% 17
\BOOKMARK [2][-]{subsection.6.1}{\376\377\000P\000r\000e\000d\000i\000k\000t\000i\000v\000\040\000c\000a\000s\000e\000:\000\040\000N\000e\000u\000f\000e\000r\000t\000\040\000p\000\345\000\040\000h\000\370\000g\000p\000l\000a\000t\000\345\000e\000t}{section.6}% 18
\BOOKMARK [2][-]{subsection.6.2}{\376\377\000N\000=\0004\000\040\000o\000g\000\040\000f\000a\000l\000s\000i\000f\000i\000k\000a\000s\000j\000o\000n\000s\000r\000o\000m\000m\000e\000t}{section.6}% 19
\BOOKMARK [1][-]{section.7}{\376\377\000K\000o\000n\000k\000l\000u\000s\000j\000o\000n}{}% 20
