This is XeTeX, Version 3.141592653-2.6-0.999997 (MiKTeX 25.12) (preloaded format=xelatex 2026.3.27)  19 APR 2026 19:36
entering extended mode
 restricted \write18 enabled.
 %&-line parsing enabled.
**./proposisjonar-solo.tex
(proposisjonar-solo.tex
LaTeX2e <2025-11-01>
L3 programming layer <2025-12-24>
(C:\Users\Shadow\AppData\Local\Programs\MiKTeX\tex/latex/base\book.cls
Document Class: book 2025/01/22 v1.4n Standard LaTeX document class
(C:\Users\Shadow\AppData\Local\Programs\MiKTeX\tex/latex/base\bk10.clo
File: bk10.clo 2025/01/22 v1.4n Standard LaTeX file (size option)
)
\c@part=\count271
\c@chapter=\count272
\c@section=\count273
\c@subsection=\count274
\c@subsubsection=\count275
\c@paragraph=\count276
\c@subparagraph=\count277
\c@figure=\count278
\c@table=\count279
\abovecaptionskip=\skip49
\belowcaptionskip=\skip50
\bibindent=\dimen148
)
(C:\Users\Shadow\AppData\Local\Programs\MiKTeX\tex/latex/geometry\geometry.sty
Package: geometry 2026/03/07 v6.0 Page Geometry

(C:\Users\Shadow\AppData\Local\Programs\MiKTeX\tex/latex/graphics\keyval.sty
Package: keyval 2022/05/29 v1.15 key=value parser (DPC)
\KV@toks@=\toks17
)
(C:\Users\Shadow\AppData\Local\Programs\MiKTeX\tex/generic/iftex\ifvtex.sty
Package: ifvtex 2019/10/25 v1.7 ifvtex legacy package. Use iftex instead.

(C:\Users\Shadow\AppData\Local\Programs\MiKTeX\tex/generic/iftex\iftex.sty
Package: iftex 2024/12/12 v1.0g TeX engine tests
))
\Gm@cnth=\count280
\Gm@cntv=\count281
\c@Gm@tempcnt=\count282
\Gm@bindingoffset=\dimen149
\Gm@wd@mp=\dimen150
\Gm@odd@mp=\dimen151
\Gm@even@mp=\dimen152
\Gm@layoutwidth=\dimen153
\Gm@layoutheight=\dimen154
\Gm@layouthoffset=\dimen155
\Gm@layoutvoffset=\dimen156
\Gm@dimlist=\toks18

(C:\Users\Shadow\AppData\Local\Programs\MiKTeX\tex/latex/geometry\geometry.cfg)
)
(C:\Users\Shadow\AppData\Local\Programs\MiKTeX\tex/latex/fontspec\fontspec.sty
(C:\Users\Shadow\AppData\Local\Programs\MiKTeX\tex/latex/l3packages/xparse\xpar
se.sty
(C:\Users\Shadow\AppData\Local\Programs\MiKTeX\tex/latex/l3kernel\expl3.sty
Package: expl3 2025-12-24 L3 programming layer (loader) 

(C:\Users\Shadow\AppData\Local\Programs\MiKTeX\tex/latex/l3backend\l3backend-xe
tex.def
File: l3backend-xetex.def 2025-10-09 L3 backend support: XeTeX
\g__graphics_track_int=\count283
\g__pdfannot_backend_int=\count284
\g__pdfannot_backend_link_int=\count285
))
Package: xparse 2025-10-09 L3 Experimental document command parser
)
Package: fontspec 2025/09/29 v2.9g Font selection for XeLaTeX and LuaLaTeX

(C:\Users\Shadow\AppData\Local\Programs\MiKTeX\tex/latex/fontspec\fontspec-xete
x.sty
Package: fontspec-xetex 2025/09/29 v2.9g Font selection for XeLaTeX and LuaLaTe
X
\l__fontspec_script_int=\count286
\l__fontspec_language_int=\count287
\l__fontspec_strnum_int=\count288
\l__fontspec_tmp_int=\count289
\l__fontspec_tmpa_int=\count290
\l__fontspec_tmpb_int=\count291
\l__fontspec_tmpc_int=\count292
\l__fontspec_em_int=\count293
\l__fontspec_emdef_int=\count294
\l__fontspec_strong_int=\count295
\l__fontspec_strongdef_int=\count296
\l__fontspec_tmpa_dim=\dimen157
\l__fontspec_tmpb_dim=\dimen158
\l__fontspec_tmpc_dim=\dimen159
 (C:\Users\Shadow\AppData\Local\Programs\MiKTeX\tex/latex/base\fontenc.sty
Package: fontenc 2025/07/18 v2.1d Standard LaTeX package
)
(C:\Users\Shadow\AppData\Local\Programs\MiKTeX\tex/latex/fontspec\fontspec.cfg)
))
(C:\Users\Shadow\AppData\Local\Programs\MiKTeX\tex/latex/polyglossia\polyglossi
a.sty
Package: polyglossia 2025/12/01 v2.9 Modern multilingual typesetting with XeLaT
eX and LuaLaTeX

(C:\Users\Shadow\AppData\Local\Programs\MiKTeX\tex/latex/etoolbox\etoolbox.sty
Package: etoolbox 2025/10/02 v2.5m e-TeX tools for LaTeX (JAW)
\etb@tempcnta=\count297
)
\l_xpg_alias_keyvals_int=\count298

(C:\Users\Shadow\AppData\Local\Programs\MiKTeX\tex/latex/polyglossia\gloss-late
x.ldf
File: gloss-latex.ldf polyglossia: module for default language
))
(C:\Users\Shadow\AppData\Local\Programs\MiKTeX\tex/latex/polyglossia\gloss-norw
egian.ldf
File: gloss-norwegian.ldf polyglossia: module for Norwegian
)

Package polyglossia Info: Default language is norwegian


Package fontspec Info: 
(fontspec)             Font family 'EBGaramond(0)' created for font 'EB
(fontspec)             Garamond' with options
(fontspec)             [Ligatures=TeX,Numbers={Lining,Proportional}].
(fontspec)              
(fontspec)              This font family consists of the following NFSS
(fontspec)             series/shapes:
(fontspec)              
(fontspec)             - 'normal' (m/n) with NFSS spec.: <->"EB
(fontspec)             Garamond/OT:script=latn;language=dflt;+lnum;+pnum;mappin
g=tex-text;"
(fontspec)             - 'small caps'  (m/sc) with NFSS spec.: <->"EB
(fontspec)             Garamond/OT:script=latn;language=dflt;+lnum;+pnum;+smcp;
mapping=tex-text;"
(fontspec)             - 'bold' (b/n) with NFSS spec.: <->"EB
(fontspec)             Garamond/B/OT:script=latn;language=dflt;+lnum;+pnum;mapp
ing=tex-text;"
(fontspec)             - 'bold small caps'  (b/sc) with NFSS spec.: <->"EB
(fontspec)             Garamond/B/OT:script=latn;language=dflt;+lnum;+pnum;+smc
p;mapping=tex-text;"
(fontspec)             - 'italic' (m/it) with NFSS spec.: <->"EB
(fontspec)             Garamond/I/OT:script=latn;language=dflt;+lnum;+pnum;mapp
ing=tex-text;"
(fontspec)             - 'italic small caps'  (m/scit) with NFSS spec.: <->"EB
(fontspec)             Garamond/I/OT:script=latn;language=dflt;+lnum;+pnum;+smc
p;mapping=tex-text;"
(fontspec)             - 'bold italic' (b/it) with NFSS spec.: <->"EB
(fontspec)             Garamond/BI/OT:script=latn;language=dflt;+lnum;+pnum;map
ping=tex-text;"
(fontspec)             - 'bold italic small caps'  (b/scit) with NFSS spec.:
(fontspec)             <->"EB
(fontspec)             Garamond/BI/OT:script=latn;language=dflt;+lnum;+pnum;+sm
cp;mapping=tex-text;"


(C:\Users\Shadow\AppData\Local\Programs\MiKTeX\tex/latex/microtype\microtype.st
y
Package: microtype 2026/03/01 v3.2d Micro-typographical refinements (RS)
\MT@toks=\toks19
\MT@tempbox=\box53
\MT@count=\count299
LaTeX Info: Redefining \noprotrusionifhmode on input line 1084.
LaTeX Info: Redefining \leftprotrusion on input line 1085.
\MT@prot@toks=\toks20
LaTeX Info: Redefining \rightprotrusion on input line 1104.
LaTeX Info: Redefining \textls on input line 1449.
\MT@outer@kern=\dimen160
LaTeX Info: Redefining \microtypecontext on input line 2053.
LaTeX Info: Redefining \textmicrotypecontext on input line 2070.
\MT@listname@count=\count300

(C:\Users\Shadow\AppData\Local\Programs\MiKTeX\tex/latex/microtype\microtype-xe
tex.def
File: microtype-xetex.def 2026/03/01 v3.2d Definitions specific to xetex (RS)
LaTeX Info: Redefining \lsstyle on input line 443.
LaTeX Info: Redefining \lslig on input line 451.
\MT@outer@space=\skip51
)
Package microtype Info: Loading configuration file microtype.cfg.

(C:\Users\Shadow\AppData\Local\Programs\MiKTeX\tex/latex/microtype\microtype.cf
g
File: microtype.cfg 2026/03/01 v3.2d microtype main configuration file (RS)
)
LaTeX Info: Redefining \microtypesetup on input line 3065.
)
(C:\Users\Shadow\AppData\Local\Programs\MiKTeX\tex/latex/amsmath\amsmath.sty
Package: amsmath 2025/07/09 v2.17z AMS math features
\@mathmargin=\skip52

For additional information on amsmath, use the `?' option.
(C:\Users\Shadow\AppData\Local\Programs\MiKTeX\tex/latex/amsmath\amstext.sty
Package: amstext 2024/11/17 v2.01 AMS text

(C:\Users\Shadow\AppData\Local\Programs\MiKTeX\tex/latex/amsmath\amsgen.sty
File: amsgen.sty 1999/11/30 v2.0 generic functions
\@emptytoks=\toks21
\ex@=\dimen161
))
(C:\Users\Shadow\AppData\Local\Programs\MiKTeX\tex/latex/amsmath\amsbsy.sty
Package: amsbsy 1999/11/29 v1.2d Bold Symbols
\pmbraise@=\dimen162
)
(C:\Users\Shadow\AppData\Local\Programs\MiKTeX\tex/latex/amsmath\amsopn.sty
Package: amsopn 2022/04/08 v2.04 operator names
)
\inf@bad=\count301
LaTeX Info: Redefining \frac on input line 233.
\uproot@=\count302
\leftroot@=\count303
LaTeX Info: Redefining \overline on input line 398.
LaTeX Info: Redefining \colon on input line 409.
\classnum@=\count304
\DOTSCASE@=\count305
LaTeX Info: Redefining \ldots on input line 495.
LaTeX Info: Redefining \dots on input line 498.
LaTeX Info: Redefining \cdots on input line 619.
\Mathstrutbox@=\box54
\strutbox@=\box55
LaTeX Info: Redefining \big on input line 721.
LaTeX Info: Redefining \Big on input line 722.
LaTeX Info: Redefining \bigg on input line 723.
LaTeX Info: Redefining \Bigg on input line 724.
\big@size=\dimen163
LaTeX Font Info:    Redeclaring font encoding OML on input line 742.
LaTeX Font Info:    Redeclaring font encoding OMS on input line 743.
\macc@depth=\count306
LaTeX Info: Redefining \bmod on input line 904.
LaTeX Info: Redefining \pmod on input line 909.
LaTeX Info: Redefining \smash on input line 939.
LaTeX Info: Redefining \relbar on input line 969.
LaTeX Info: Redefining \Relbar on input line 970.
\c@MaxMatrixCols=\count307
\dotsspace@=\muskip17
\c@parentequation=\count308
\dspbrk@lvl=\count309
\tag@help=\toks22
\row@=\count310
\column@=\count311
\maxfields@=\count312
\andhelp@=\toks23
\eqnshift@=\dimen164
\alignsep@=\dimen165
\tagshift@=\dimen166
\tagwidth@=\dimen167
\totwidth@=\dimen168
\lineht@=\dimen169
\@envbody=\toks24
\multlinegap=\skip53
\multlinetaggap=\skip54
\mathdisplay@stack=\toks25
LaTeX Info: Redefining \[ on input line 2950.
LaTeX Info: Redefining \] on input line 2951.
)

Package fontspec Info: 
(fontspec)             Cambria Math scale = 0.95.


Package fontspec Info: 
(fontspec)             Could not resolve font "Cambria Math/BI" (it probably
(fontspec)             doesn't exist).


Package fontspec Info: 
(fontspec)             Could not resolve font "Cambria Math/B" (it probably
(fontspec)             doesn't exist).


Package fontspec Info: 
(fontspec)             Could not resolve font "Cambria Math/I" (it probably
(fontspec)             doesn't exist).


Package fontspec Info: 
(fontspec)             Cambria Math scale = 0.95.


Package fontspec Info: 
(fontspec)             Cambria Math scale = 0.95.


Package fontspec Info: 
(fontspec)             Font family 'CambriaMath(0)' created for font 'Cambria
(fontspec)             Math' with options [Scale=0.95].
(fontspec)              
(fontspec)              This font family consists of the following NFSS
(fontspec)             series/shapes:
(fontspec)              
(fontspec)             - 'normal' (m/n) with NFSS spec.: <->s*[0.95]"Cambria
(fontspec)             Math/OT:script=latn;language=dflt;"
(fontspec)             - 'small caps'  (m/sc) with NFSS spec.:
(fontspec)             <->s*[0.95]"Cambria
(fontspec)             Math/OT:script=latn;language=dflt;+smcp;"


Package fontspec Info: 
(fontspec)             Segoe UI Symbol scale = 0.90.


Package fontspec Info: 
(fontspec)             Could not resolve font "Segoe UI Symbol/BI" (it
(fontspec)             probably doesn't exist).


Package fontspec Info: 
(fontspec)             Could not resolve font "Segoe UI Symbol/B" (it probably
(fontspec)             doesn't exist).


Package fontspec Info: 
(fontspec)             Could not resolve font "Segoe UI Symbol/I" (it probably
(fontspec)             doesn't exist).


Package fontspec Info: 
(fontspec)             Segoe UI Symbol scale = 0.90.


Package fontspec Info: 
(fontspec)             Font family 'SegoeUISymbol(0)' created for font 'Segoe
(fontspec)             UI Symbol' with options [Scale=0.90].
(fontspec)              
(fontspec)              This font family consists of the following NFSS
(fontspec)             series/shapes:
(fontspec)              
(fontspec)             - 'normal' (m/n) with NFSS spec.: <->s*[0.90]"Segoe UI
(fontspec)             Symbol/OT:script=latn;language=dflt;"


(C:\Users\Shadow\AppData\Local\Programs\MiKTeX\tex/latex/titlesec\titlesec.sty
Package: titlesec 2025/01/04 v2.17 Sectioning titles
\ttl@box=\box56
\beforetitleunit=\skip55
\aftertitleunit=\skip56
\ttl@plus=\dimen170
\ttl@minus=\dimen171
\ttl@toksa=\toks26
\titlewidth=\dimen172
\titlewidthlast=\dimen173
\titlewidthfirst=\dimen174
) (C:\Users\Shadow\AppData\Local\Programs\MiKTeX\tex/latex/fancyhdr\fancyhdr.st
y
Package: fancyhdr 2025/02/07 v5.2 Extensive control of page headers and footers

\f@nch@headwidth=\skip57
\f@nch@offset@elh=\skip58
\f@nch@offset@erh=\skip59
\f@nch@offset@olh=\skip60
\f@nch@offset@orh=\skip61
\f@nch@offset@elf=\skip62
\f@nch@offset@erf=\skip63
\f@nch@offset@olf=\skip64
\f@nch@offset@orf=\skip65
\f@nch@height=\skip66
\f@nch@footalignment=\skip67
\f@nch@widthL=\skip68
\f@nch@widthC=\skip69
\f@nch@widthR=\skip70
\@temptokenb=\toks27
) (C:\Users\Shadow\AppData\Local\Programs\MiKTeX\tex/latex/tools\calc.sty
Package: calc 2025/03/01 v4.3b Infix arithmetic (KKT,FJ)
\calc@Acount=\count313
\calc@Bcount=\count314
\calc@Adimen=\dimen175
\calc@Bdimen=\dimen176
\calc@Askip=\skip71
\calc@Bskip=\skip72
LaTeX Info: Redefining \setlength on input line 86.
LaTeX Info: Redefining \addtolength on input line 87.
\calc@Ccount=\count315
\calc@Cskip=\skip73
)
\propnumwidth=\skip74
\propnumgap=\skip75

(C:\Users\Shadow\AppData\Local\Programs\MiKTeX\tex/latex/needspace\needspace.st
y
Package: needspace 2025/03/13 v1.3e reserve vertical space
)
(C:\Users\Shadow\AppData\Local\Programs\MiKTeX\tex/latex/graphics\graphicx.sty
Package: graphicx 2024/12/31 v1.2e Enhanced LaTeX Graphics (DPC,SPQR)

(C:\Users\Shadow\AppData\Local\Programs\MiKTeX\tex/latex/graphics\graphics.sty
Package: graphics 2024/08/06 v1.4g Standard LaTeX Graphics (DPC,SPQR)

(C:\Users\Shadow\AppData\Local\Programs\MiKTeX\tex/latex/graphics\trig.sty
Package: trig 2023/12/02 v1.11 sin cos tan (DPC)
)
(C:\Users\Shadow\AppData\Local\Programs\MiKTeX\tex/latex/graphics-cfg\graphics.
cfg
File: graphics.cfg 2016/06/04 v1.11 sample graphics configuration
)
Package graphics Info: Driver file: xetex.def on input line 106.

(C:\Users\Shadow\AppData\Local\Programs\MiKTeX\tex/latex/graphics-def\xetex.def
File: xetex.def 2025/11/01 v5.0p Graphics/color driver for xetex
))
\Gin@req@height=\dimen177
\Gin@req@width=\dimen178
)
(C:\Users\Shadow\AppData\Local\Programs\MiKTeX\tex/latex/caption\caption.sty
Package: caption 2023/08/05 v3.6o Customizing captions (AR)

(C:\Users\Shadow\AppData\Local\Programs\MiKTeX\tex/latex/caption\caption3.sty
Package: caption3 2023/07/31 v2.4d caption3 kernel (AR)
\caption@tempdima=\dimen179
\captionmargin=\dimen180
\caption@leftmargin=\dimen181
\caption@rightmargin=\dimen182
\caption@width=\dimen183
\caption@indent=\dimen184
\caption@parindent=\dimen185
\caption@hangindent=\dimen186
Package caption Info: Standard document class detected.
)
\c@caption@flags=\count316
\c@continuedfloat=\count317
) (C:\Users\Shadow\AppData\Local\Programs\MiKTeX\tex/latex/booktabs\booktabs.st
y
Package: booktabs 2020/01/12 v1.61803398 Publication quality tables
\heavyrulewidth=\dimen187
\lightrulewidth=\dimen188
\cmidrulewidth=\dimen189
\belowrulesep=\dimen190
\belowbottomsep=\dimen191
\aboverulesep=\dimen192
\abovetopsep=\dimen193
\cmidrulesep=\dimen194
\cmidrulekern=\dimen195
\defaultaddspace=\dimen196
\@cmidla=\count318
\@cmidlb=\count319
\@aboverulesep=\dimen197
\@belowrulesep=\dimen198
\@thisruleclass=\count320
\@lastruleclass=\count321
\@thisrulewidth=\dimen199
)
(C:\Users\Shadow\AppData\Local\Programs\MiKTeX\tex/latex/changepage\changepage.
sty
Package: changepage 2009/10/20 v1.0c check page and change page layout
\c@cp@cntr=\count322
\cp@tempcnt=\count323
) (proposisjonar-solo.aux)
\openout1 = `proposisjonar-solo.aux'.

LaTeX Font Info:    Checking defaults for OML/cmm/m/it on input line 119.
LaTeX Font Info:    ... okay on input line 119.
LaTeX Font Info:    Checking defaults for OMS/cmsy/m/n on input line 119.
LaTeX Font Info:    ... okay on input line 119.
LaTeX Font Info:    Checking defaults for OT1/cmr/m/n on input line 119.
LaTeX Font Info:    ... okay on input line 119.
LaTeX Font Info:    Checking defaults for T1/cmr/m/n on input line 119.
LaTeX Font Info:    ... okay on input line 119.
LaTeX Font Info:    Checking defaults for TS1/cmr/m/n on input line 119.
LaTeX Font Info:    ... okay on input line 119.
LaTeX Font Info:    Checking defaults for TU/lmr/m/n on input line 119.
LaTeX Font Info:    ... okay on input line 119.
LaTeX Font Info:    Checking defaults for OMX/cmex/m/n on input line 119.
LaTeX Font Info:    ... okay on input line 119.
LaTeX Font Info:    Checking defaults for U/cmr/m/n on input line 119.
LaTeX Font Info:    ... okay on input line 119.

*geometry* driver: auto-detecting
*geometry* detected driver: xetex
*geometry* verbose mode - [ preamble ] result:
* driver: xetex
* paper: custom
* layout: <same size as paper>
* layoutoffset:(h,v)=(0.0pt,0.0pt)
* modes: 
* h-part:(L,W,R)=(79.66771pt, 241.84843pt, 34.1433pt)
* v-part:(T,H,B)=(56.9055pt, 460.93466pt, 51.21495pt)
* \paperwidth=355.65944pt
* \paperheight=569.05511pt
* \textwidth=241.84843pt
* \textheight=460.93466pt
* \oddsidemargin=7.39772pt
* \evensidemargin=7.39772pt
* \topmargin=-44.43613pt
* \headheight=12.0pt
* \headsep=17.07164pt
* \topskip=10.0pt
* \footskip=22.76219pt
* \marginparwidth=69.0pt
* \marginparsep=7.0pt
* \columnsep=10.0pt
* \skip\footins=9.0pt plus 4.0pt minus 2.0pt
* \hoffset=0.0pt
* \voffset=0.0pt
* \mag=1000
* \@twocolumnfalse
* \@twosidefalse
* \@mparswitchfalse
* \@reversemarginfalse
* (1in=72.27pt=25.4mm, 1cm=28.453pt)


Package fontspec Info: 
(fontspec)             Adjusting the maths setup (use [no-math] to avoid
(fontspec)             this).

\symlegacymaths=\mathgroup4
LaTeX Font Info:    Overwriting symbol font `legacymaths' in version `bold'
(Font)                  OT1/cmr/m/n --> OT1/cmr/bx/n on input line 119.
LaTeX Font Info:    Redeclaring math accent \acute on input line 119.
LaTeX Font Info:    Redeclaring math accent \grave on input line 119.
LaTeX Font Info:    Redeclaring math accent \ddot on input line 119.
LaTeX Font Info:    Redeclaring math accent \tilde on input line 119.
LaTeX Font Info:    Redeclaring math accent \bar on input line 119.
LaTeX Font Info:    Redeclaring math accent \breve on input line 119.
LaTeX Font Info:    Redeclaring math accent \check on input line 119.
LaTeX Font Info:    Redeclaring math accent \hat on input line 119.
LaTeX Font Info:    Redeclaring math accent \dot on input line 119.
LaTeX Font Info:    Redeclaring math accent \mathring on input line 119.
LaTeX Font Info:    Redeclaring math symbol \Gamma on input line 119.
LaTeX Font Info:    Redeclaring math symbol \Delta on input line 119.
LaTeX Font Info:    Redeclaring math symbol \Theta on input line 119.
LaTeX Font Info:    Redeclaring math symbol \Lambda on input line 119.
LaTeX Font Info:    Redeclaring math symbol \Xi on input line 119.
LaTeX Font Info:    Redeclaring math symbol \Pi on input line 119.
LaTeX Font Info:    Redeclaring math symbol \Sigma on input line 119.
LaTeX Font Info:    Redeclaring math symbol \Upsilon on input line 119.
LaTeX Font Info:    Redeclaring math symbol \Phi on input line 119.
LaTeX Font Info:    Redeclaring math symbol \Psi on input line 119.
LaTeX Font Info:    Redeclaring math symbol \Omega on input line 119.
LaTeX Font Info:    Redeclaring math symbol \mathdollar on input line 119.
LaTeX Font Info:    Redeclaring symbol font `operators' on input line 119.
LaTeX Font Info:    Encoding `OT1' has changed to `TU' for symbol font
(Font)              `operators' in the math version `normal' on input line 119.

LaTeX Font Info:    Overwriting symbol font `operators' in version `normal'
(Font)                  OT1/cmr/m/n --> TU/EBGaramond(0)/m/n on input line 119.

LaTeX Font Info:    Encoding `OT1' has changed to `TU' for symbol font
(Font)              `operators' in the math version `bold' on input line 119.
LaTeX Font Info:    Overwriting symbol font `operators' in version `bold'
(Font)                  OT1/cmr/bx/n --> TU/EBGaramond(0)/m/n on input line 119
.
LaTeX Font Info:    Overwriting symbol font `operators' in version `normal'
(Font)                  TU/EBGaramond(0)/m/n --> TU/EBGaramond(0)/m/n on input 
line 119.
LaTeX Font Info:    Overwriting math alphabet `\mathit' in version `normal'
(Font)                  OT1/cmr/m/it --> TU/EBGaramond(0)/m/it on input line 11
9.
LaTeX Font Info:    Overwriting math alphabet `\mathbf' in version `normal'
(Font)                  OT1/cmr/bx/n --> TU/EBGaramond(0)/b/n on input line 119
.
LaTeX Font Info:    Overwriting math alphabet `\mathsf' in version `normal'
(Font)                  OT1/cmss/m/n --> TU/lmss/m/n on input line 119.
LaTeX Font Info:    Overwriting math alphabet `\mathtt' in version `normal'
(Font)                  OT1/cmtt/m/n --> TU/lmtt/m/n on input line 119.
LaTeX Font Info:    Overwriting symbol font `operators' in version `bold'
(Font)                  TU/EBGaramond(0)/m/n --> TU/EBGaramond(0)/b/n on input 
line 119.
LaTeX Font Info:    Overwriting math alphabet `\mathit' in version `bold'
(Font)                  OT1/cmr/bx/it --> TU/EBGaramond(0)/b/it on input line 1
19.
LaTeX Font Info:    Overwriting math alphabet `\mathsf' in version `bold'
(Font)                  OT1/cmss/bx/n --> TU/lmss/b/n on input line 119.
LaTeX Font Info:    Overwriting math alphabet `\mathtt' in version `bold'
(Font)                  OT1/cmtt/m/n --> TU/lmtt/b/n on input line 119.
LaTeX Info: Redefining \microtypecontext on input line 119.
Package microtype Info: Applying patch `item' on input line 119.
Package microtype Info: Applying patch `toc' on input line 119.
Package microtype Info: Applying patch `eqnum' on input line 119.
Package microtype Info: Applying patch `footnote' on input line 119.
Package microtype Info: Applying patch `verbatim' on input line 119.
LaTeX Info: Redefining \microtypesetup on input line 119.
Package microtype Info: Character protrusion enabled (level 2).
Package microtype Info: Using default protrusion set `alltext'.
Package microtype Info: No adjustment of tracking.
Package microtype Info: No adjustment of spacing.
Package microtype Info: No adjustment of kerning.

(C:\Users\Shadow\AppData\Local\Programs\MiKTeX\tex/latex/microtype\mt-EBGaramon
d.cfg
File: mt-EBGaramond.cfg 2021/10/25 v2.0 microtype config. file: EB Garamond / A
dobe Garamond (RS)
)
Package caption Info: Begin \AtBeginDocument code.
Package caption Info: changepage package is loaded.
\caption@adjustwidth@hsize=\dimen256
\caption@adjustwidth@linewidth=\dimen257
Package caption Info: End \AtBeginDocument code.
 (proposisjonar.tex
(C:\Users\Shadow\AppData\Local\Programs\MiKTeX\tex/latex/microtype\mt-cmr.cfg
File: mt-cmr.cfg 2013/05/19 v2.2 microtype config. file: Computer Modern Roman 
(RS)
)
Package microtype Info: Character `156' is missing
(microtype)             in font `\TU/EBGaramond(0)/b/it/8'.
(microtype)             Ignoring protrusion settings for this character.
LaTeX Font Info:    Calculating math sizes for size <10.5> on input line 13.


LaTeX Font Warning: Font shape `OML/cmm/m/it' in size <10.5> not available
(Font)              size <10.95> substituted on input line 13.


LaTeX Font Warning: Font shape `OMS/cmsy/m/n' in size <10.5> not available
(Font)              size <10.95> substituted on input line 13.


LaTeX Font Warning: Font shape `OMX/cmex/m/n' in size <10.5> not available
(Font)              size <10.95> substituted on input line 13.


LaTeX Font Warning: Font shape `OT1/cmr/m/n' in size <10.5> not available
(Font)              size <10.95> substituted on input line 13.

Package microtype Info: Character `156' is missing
(microtype)             in font `\TU/EBGaramond(0)/m/it/7.34996'.
(microtype)             Ignoring protrusion settings for this character.
[1


] [2]
Package microtype Info: Character `156' is missing
(microtype)             in font `\TU/EBGaramond(0)/m/it/10.5'.
(microtype)             Ignoring protrusion settings for this character.
LaTeX Font Info:    Font shape `TU/CambriaMath(0)/m/n' will be
(Font)              scaled to size 9.97496pt on input line 87.
Package microtype Info: Loading generic protrusion settings for font family
(microtype)             `CambriaMath' (encoding: TU).
(microtype)             For optimal results, create family-specific settings.
(microtype)             See the microtype manual for details.

Overfull \hbox (0.93654pt too wide) in paragraph at lines 87--87
[]\TU/EBGaramond(0)/m/n/10.5 Dei tre regionane utgjer ein epistemisk partisjon.
$[]$ Det \TU/EBGaramond(0)/b/n/10.5 kjen-
 []

[3]
Underfull \hbox (badness 10000) in paragraph at lines 100--101
[]\TU/EBGaramond(0)/b/n/9 Lyskjegle-
 []


LaTeX Font Warning: Font shape `TU/CambriaMath(0)/b/n' undefined
(Font)              using `TU/CambriaMath(0)/m/n' instead on input line 102.

LaTeX Font Info:    Font shape `TU/CambriaMath(0)/m/n' will be
(Font)              scaled to size 8.54997pt on input line 102.
LaTeX Font Info:    Font shape `TU/CambriaMath(0)/b/n' will be
(Font)              scaled to size 8.54997pt on input line 103.
LaTeX Font Info:    Font shape `TU/CambriaMath(0)/m/n' will be
(Font)              scaled to size 7.59998pt on input line 103.

Overfull \hbox (5.6501pt too wide) in paragraph at lines 117--117
[]\TU/EBGaramond(0)/m/n/10.5 Eit \TU/EBGaramond(0)/b/n/10.5 seleksjonstrykk \TU
/EBGaramond(0)/m/n/10.5 endrar sannsynsfordelinga i formrommet.$[]$
 []


Overfull \hbox (7.40964pt too wide) in paragraph at lines 119--119
[]\TU/EBGaramond(0)/m/n/10.5 Forma er det som står att når trykka har utelukka 
alt anna.$[]$ 
 []

[4]
Overfull \hbox (0.43633pt too wide) in paragraph at lines 131--131
[]\TU/EBGaramond(0)/m/n/10.5 Minst to seleksjonstrykk peikar i motstridande ret
ningar. Kvar
 []


Overfull \hbox (0.79285pt too wide) in paragraph at lines 135--135
[]\TU/EBGaramond(0)/m/n/10.5 Ein \TU/EBGaramond(0)/b/n/10.5 klasse \TU/EBGaramo
nd(0)/m/n/10.5 er avgrensa gjennom delt \TU/EBGaramond(0)/m/it/10.5 affordanses
truktur\TU/EBGaramond(0)/m/n/10.5 .$[]$
 []


Overfull \hbox (20.11629pt too wide) in paragraph at lines 141--141
[]\TU/EBGaramond(0)/b/n/10.5 Materialaffordansen \TU/EBGaramond(0)/m/n/10.5 er 
operasjonane materialet tillèt og hindrar.$[]$
 []


Overfull \hbox (2.77835pt too wide) in paragraph at lines 143--143
[]\TU/EBGaramond(0)/m/n/10.5 Stål fanst i hundreår før røyrstolen fordi operasj
onen mangla.$[]$
 []

[5]
Overfull \hbox (26.98314pt too wide) in paragraph at lines 156--156
[]\TU/EBGaramond(0)/b/n/10.5 Tilpassingslandskapet \TU/EBGaramond(0)/m/n/10.5 e
r vektorsummen av alle verksame seleksjons-
 []


Overfull \hbox (3.43274pt too wide) in paragraph at lines 168--168
[]\TU/EBGaramond(0)/m/n/10.5 Ein \TU/EBGaramond(0)/b/n/10.5 stilart \TU/EBGaram
ond(0)/m/n/10.5 er forma si \TU/EBGaramond(0)/m/it/10.5 sverming \TU/EBGaramond
(0)/m/n/10.5 kring eit felles tyngdepunkt.$[]$
 []

[6]
Overfull \hbox (17.21971pt too wide) in paragraph at lines 191--191
[]\TU/EBGaramond(0)/m/n/10.5 Når eitt trykk dominerer, kollapsar landskapet mot
 éin attraktor.$[]$
 []

[7]
Overfull \hbox (0.99763pt too wide) in paragraph at lines 208--208
[]\TU/EBGaramond(0)/m/n/10.5 Agenten har ein \TU/EBGaramond(0)/b/n/10.5 prediks
jonshorisont \TU/CambriaMath(0)/m/n/10.5 τ(A) \TU/EBGaramond(0)/m/n/10.5 gjeven
 av kor langt
 []


Underfull \hbox (badness 10000) in paragraph at lines 215--215
[]\TU/EBGaramond(0)/m/n/9 Prediksjonen held seg innanfor
 []

LaTeX Font Info:    Font shape `TU/CambriaMath(0)/m/n' will be
(Font)              scaled to size 5.69998pt on input line 216.

Overfull \hbox (2.82742pt too wide) in paragraph at lines 222--222
\TU/EBGaramond(0)/m/n/10.5 Den eldre kybernetiske formuleringa (g, d, \TU/Cambr
iaMath(0)/m/n/10.5 δ\TU/EBGaramond(0)/m/n/10.5 ) frå Rosenblueth–
 []

[8]
File: ../../figures/termostat-designar.png Graphic file (type bmp)
<../../figures/termostat-designar.png>

Overfull \hbox (23.93958pt too wide) in paragraph at lines 242--242
[]\TU/EBGaramond(0)/m/n/10.5 Agenten responderer på gradienten i landskapet, ik
kje på forma.$[]$
 []


Overfull \hbox (0.34465pt too wide) in paragraph at lines 246--246
[]\TU/EBGaramond(0)/b/n/10.5 Kognitiv lyskjegle \TU/EBGaramond(0)/m/n/10.5 er d
elmengda av formrommet agenten kan
 []


Overfull \hbox (0.72565pt too wide) in paragraph at lines 246--246
\TU/EBGaramond(0)/m/n/10.5 representere og manipulere.$[]$ Alt utanfor lyskjegl
a mang-
 []

[9]
Overfull \hbox (9.32211pt too wide) in paragraph at lines 258--258
[]\TU/EBGaramond(0)/b/n/10.5 Formgrammatikken \TU/EBGaramond(0)/m/n/10.5 utføre
r diskrete overgangar i denne geome-
 []


Underfull \hbox (badness 1688) in paragraph at lines 268--269
[]\TU/EBGaramond(0)/m/n/9 Noverande geometri;
 []


Underfull \hbox (badness 10000) in paragraph at lines 268--269
\TU/EBGaramond(0)/m/n/9 ikkje konstruksjons-
 []


Overfull \hbox (0.86159pt too wide) in alignment at lines 263--270
[] [] []
 []


Overfull \hbox (4.48296pt too wide) in paragraph at lines 273--273
[]\TU/EBGaramond(0)/m/n/10.5 Grammatikkoperasjonen er ein C\TU/CambriaMath(0)/m
/n/10.5 →\TU/EBGaramond(0)/m/n/10.5 C-partisjon; ho utvidar tan-
 []


Overfull \hbox (1.59901pt too wide) in paragraph at lines 275--275
[]\TU/EBGaramond(0)/m/n/10.5 Grammatikken definerer moglegheitsrommet; landskap
et fast-
 []


Overfull \hbox (1.95813pt too wide) in paragraph at lines 279--279
\TU/EBGaramond(0)/m/n/10.5 vetoar konfigurasjonar og gjev resonans til andre gj
ennom ufra-
 []

[10]
Overfull \hbox (8.31062pt too wide) in paragraph at lines 281--281
\TU/EBGaramond(0)/m/n/10.5 rasjonen) og funksjonsparametrar (kompetansereglane 
som ope-
 []


Overfull \hbox (7.59895pt too wide) in paragraph at lines 283--283
[]\TU/EBGaramond(0)/m/n/10.5 Biologisk vev navigerer via bioelektrisk polariser
ing;$[]$ men-
 []


Overfull \hbox (44.05173pt too wide) in paragraph at lines 285--285
[]\TU/EBGaramond(0)/m/n/10.5 Navigasjonskompetanse akkumulerer seg som struktur
ert informasjon.$[]$
 []


Overfull \hbox (48.49666pt too wide) in paragraph at lines 297--297
[]\TU/EBGaramond(0)/m/n/10.5 Kompetanse er kvantifiserbar. Søkeeffektiviteten $
\OML/cmm/m/it/10.95 K \OT1/cmr/m/n/10.95 = [][](\OML/cmm/m/it/10.95 ^^\[]\OT1/c
mr/m/n/10.95 /\OML/cmm/m/it/10.95 ^^\[]\OT1/cmr/m/n/10.95 )$
 []

[11]
Package microtype Info: Character `156' is missing
(microtype)             in font `\TU/EBGaramond(0)/m/it/9'.
(microtype)             Ignoring protrusion settings for this character.

Overfull \hbox (22.78117pt too wide) in alignment at lines 314--318
[] []
 []

[12]
Overfull \hbox (10.06834pt too wide) in paragraph at lines 331--331
\TU/EBGaramond(0)/m/n/10.5 av dei to rammeverka åleine systematisk utilstrekkel
eg. Dei mang-
 []


Overfull \hbox (1.57103pt too wide) in paragraph at lines 342--342
\TU/EBGaramond(0)/m/n/10.5 formgjevarar; designar er ein spesifikk \TU/EBGaramo
nd(0)/m/it/10.5 kapasitets-konfigurasjon\TU/EBGaramond(0)/m/n/10.5 ,
 []

[13]
Overfull \hbox (6.90782pt too wide) in paragraph at lines 348--348
[]\TU/EBGaramond(0)/m/n/10.5 Fleire agentar responderer på ulike trykk samstund
es. Kvar form
 []


Overfull \hbox (9.38602pt too wide) in paragraph at lines 350--350
[]\TU/EBGaramond(0)/m/n/10.5 Kvart nivå løyser problem kompetent innanfor si ei
ga lyskjegle.$[]$
 []


Overfull \hbox (9.76227pt too wide) in paragraph at lines 354--354
\TU/EBGaramond(0)/m/n/10.5 petanse og si eiga lyskjegle. Formproduksjon er dist
ribuert C\TU/CambriaMath(0)/m/n/10.5 ↔\TU/EBGaramond(0)/m/n/10.5 K-
 []


Overfull \hbox (3.34412pt too wide) in paragraph at lines 354--354
\TU/EBGaramond(0)/m/n/10.5 ekspansjon utført av grammatikkoperasjonar over komp
etanse-
 []

File: ../../figures/formgjevarkompetanse/agenthierarki.png Graphic file (type b
mp)
<../../figures/formgjevarkompetanse/agenthierarki.png>
[14]
Overfull \hbox (6.84201pt too wide) in paragraph at lines 366--366
[]\TU/EBGaramond(0)/m/n/10.5 Tett samanbinding etablerer globale tilbakekopling
ssløyfer; heil-
 []


Overfull \hbox (0.50838pt too wide) in paragraph at lines 368--368
[]\TU/EBGaramond(0)/m/n/10.5 Ein \TU/EBGaramond(0)/m/it/10.5 stilart \TU/EBGara
mond(0)/m/n/10.5 manglar kausal kraft;$[]$ han er ikkje ei kraft, men
 []


Overfull \hbox (16.28781pt too wide) in paragraph at lines 368--368
\TU/EBGaramond(0)/m/n/10.5 eit \TU/EBGaramond(0)/m/it/10.5 mønsterminne\TU/EBGa
ramond(0)/m/n/10.5 . Stilarten fungerer som ein makroskala-attraktor
 []


Overfull \hbox (18.17036pt too wide) in paragraph at lines 372--372
[]\TU/EBGaramond(0)/m/n/10.5 For brukaren er stilarten ikkje eit symptom; han e
r eit grensesnitt.$[]$
 []


Overfull \hbox (10.37845pt too wide) in paragraph at lines 380--380
[]\TU/EBGaramond(0)/m/n/10.5 Inga form er endeleg. Kvar balanse vert med tida s
uboptimal.$[]$
 []

[15]
Overfull \hbox (3.22198pt too wide) in paragraph at lines 393--393
[]\TU/EBGaramond(0)/b/n/10.5 Sviktlatensen \TU/CambriaMath(0)/m/n/10.5 ρ$[]$ \T
U/EBGaramond(0)/m/n/10.5 = \TU/CambriaMath(0)/m/n/10.5 τ\TU/EBGaramond(0)/m/n/1
0.5 (X$[]$) / \TU/CambriaMath(0)/m/n/10.5 τ\TU/EBGaramond(0)/m/n/10.5 (A) avgje
r om sviktsignaturen langs
 []


Overfull \hbox (1.05725pt too wide) in paragraph at lines 413--413
\TU/EBGaramond(0)/m/n/10.5 predikera sviktsignatur.$[]$ Ho kan berre registrera
 han i etter-
 []


Overfull \hbox (6.11208pt too wide) in paragraph at lines 415--415
[]\TU/EBGaramond(0)/m/n/10.5 Prediksjonen krev at teorien namngjev representasj
onsgrensa.$[]$
 []

[16]
Overfull \hbox (2.79816pt too wide) in paragraph at lines 417--417
[]\TU/EBGaramond(0)/m/n/10.5 Ein formgrammatikk åleine (5.72 i) genererer det m
oglege språ-
 []


Overfull \hbox (0.29356pt too wide) in paragraph at lines 419--419
[]\TU/EBGaramond(0)/m/n/10.5 Sviktsignaturen er difor ikkje ein empirisk bonus;
 han er prøve-
 []


Overfull \hbox (1.6469pt too wide) in paragraph at lines 432--432
\TU/EBGaramond(0)/m/n/10.5 {A$[]$} som navigerer i eit landskap L med grammatik
k SG er:$[]$ 
 []


Overfull \hbox (34.68088pt too wide) in alignment at lines 435--440
[] []
 []

[17]
File: ../../figures/formgjevarkompetanse/den-generelle-forma.png Graphic file (
type bmp)
<../../figures/formgjevarkompetanse/den-generelle-forma.png>
) [18] (proposisjonar-solo.aux)
 ***********
LaTeX2e <2025-11-01>
L3 programming layer <2025-12-24>
 ***********


LaTeX Font Warning: Size substitutions with differences
(Font)              up to 0.45pt have occurred.


LaTeX Font Warning: Some font shapes were not available, defaults substituted.

 ) 
Here is how much of TeX's memory you used:
 10081 strings out of 402987
 226315 string characters out of 5448317
 726675 words of memory out of 5000000
 38605 multiletter control sequences out of 15000+600000
 633752 words of font info for 102 fonts, out of 8000000 for 9000
 1348 hyphenation exceptions out of 8191
 73i,12n,95p,1017b,476s stack positions out of 10000i,1000n,20000p,200000b,200000s

Output written on proposisjonar-solo.pdf (18 pages).
